RUN	io.qaload.gatling.reportExample.simulation.CloseModel_IncrementConcurrentUsers	closemodel-incrementconcurrentusers	1602842834021	closed workload model	3.3.1
USER	incrementConcurrentUsers	1	START	1602842834974	1602842834974
USER	incrementConcurrentUsers	2	START	1602842835485	1602842835485
REQUEST	1		/ (GET)	1602842835020	1602842836486	OK	 
REQUEST	2		/ (GET)	1602842835943	1602842836538	OK	 
REQUEST	1		/40x.html (GET)	1602842836944	1602842837083	KO	status.find.in(200,201,202,203,204,205,206,207,208,209,304), found 404
REQUEST	2		/40x.html (GET)	1602842837958	1602842838093	KO	status.find.in(200,201,202,203,204,205,206,207,208,209,304), found 404
REQUEST	1		/ (GET)	1602842838956	1602842839154	OK	 
REQUEST	2		/ (GET)	1602842839958	1602842840108	OK	 
REQUEST	1		/40x.html (GET)	1602842840946	1602842841062	KO	status.find.in(200,201,202,203,204,205,206,207,208,209,304), found 404
REQUEST	2		/40x.html (GET)	1602842841953	1602842842083	KO	status.find.in(200,201,202,203,204,205,206,207,208,209,304), found 404
REQUEST	1		/ (GET)	1602842842959	1602842843183	OK	 
REQUEST	2		/ (GET)	1602842843943	1602842844129	OK	 
USER	incrementConcurrentUsers	3	START	1602842844985	1602842844985
REQUEST	1		/40x.html (GET)	1602842844949	1602842845105	KO	status.find.in(200,201,202,203,204,205,206,207,208,209,304), found 404
USER	incrementConcurrentUsers	4	START	1602842845252	1602842845252
USER	incrementConcurrentUsers	5	START	1602842845502	1602842845502
USER	incrementConcurrentUsers	6	START	1602842845755	1602842845755
REQUEST	2		/40x.html (GET)	1602842845944	1602842846071	KO	status.find.in(200,201,202,203,204,205,206,207,208,209,304), found 404
REQUEST	3		/ (GET)	1602842846953	1602842847108	OK	 
REQUEST	1		/ (GET)	1602842847956	1602842848108	OK	 
REQUEST	4		/ (GET)	1602842848953	1602842849183	OK	 
REQUEST	5		/ (GET)	1602842849955	1602842850117	OK	 
REQUEST	6		/ (GET)	1602842850958	1602842851139	OK	 
REQUEST	2		/ (GET)	1602842851945	1602842852104	OK	 
REQUEST	3		/40x.html (GET)	1602842852953	1602842853138	KO	status.find.in(200,201,202,203,204,205,206,207,208,209,304), found 404
REQUEST	1		/40x.html (GET)	1602842853954	1602842854074	KO	status.find.in(200,201,202,203,204,205,206,207,208,209,304), found 404
USER	incrementConcurrentUsers	7	START	1602842854983	1602842854983
REQUEST	4		/40x.html (GET)	1602842854957	1602842855130	KO	status.find.in(200,201,202,203,204,205,206,207,208,209,304), found 404
USER	incrementConcurrentUsers	8	START	1602842855252	1602842855252
USER	incrementConcurrentUsers	9	START	1602842855505	1602842855505
REQUEST	5		/40x.html (GET)	1602842855473	1602842855599	KO	status.find.in(200,201,202,203,204,205,206,207,208,209,304), found 404
USER	incrementConcurrentUsers	10	START	1602842855753	1602842855753
REQUEST	6		/40x.html (GET)	1602842855954	1602842856084	KO	status.find.in(200,201,202,203,204,205,206,207,208,209,304), found 404
REQUEST	2		/40x.html (GET)	1602842856472	1602842856599	KO	status.find.in(200,201,202,203,204,205,206,207,208,209,304), found 404
REQUEST	3		/ (GET)	1602842856956	1602842857136	OK	 
REQUEST	1		/ (GET)	1602842857472	1602842857677	OK	 
REQUEST	7		/ (GET)	1602842857953	1602842858150	OK	 
REQUEST	4		/ (GET)	1602842858466	1602842858683	OK	 
REQUEST	8		/ (GET)	1602842858944	1602842859147	OK	 
REQUEST	9		/ (GET)	1602842859463	1602842859694	OK	 
REQUEST	5		/ (GET)	1602842859958	1602842860107	OK	 
REQUEST	10		/ (GET)	1602842860464	1602842860713	OK	 
REQUEST	6		/ (GET)	1602842860945	1602842861114	OK	 
REQUEST	2		/ (GET)	1602842861462	1602842861683	OK	 
REQUEST	3		/40x.html (GET)	1602842861957	1602842862092	KO	status.find.in(200,201,202,203,204,205,206,207,208,209,304), found 404
REQUEST	1		/40x.html (GET)	1602842862474	1602842862591	KO	status.find.in(200,201,202,203,204,205,206,207,208,209,304), found 404
REQUEST	7		/40x.html (GET)	1602842862956	1602842863110	KO	status.find.in(200,201,202,203,204,205,206,207,208,209,304), found 404
REQUEST	4		/40x.html (GET)	1602842863475	1602842863609	KO	status.find.in(200,201,202,203,204,205,206,207,208,209,304), found 404
REQUEST	8		/40x.html (GET)	1602842863957	1602842864103	KO	status.find.in(200,201,202,203,204,205,206,207,208,209,304), found 404
REQUEST	9		/40x.html (GET)	1602842864475	1602842864613	KO	status.find.in(200,201,202,203,204,205,206,207,208,209,304), found 404
USER	incrementConcurrentUsers	11	START	1602842864963	1602842864963
REQUEST	5		/40x.html (GET)	1602842864958	1602842865134	KO	status.find.in(200,201,202,203,204,205,206,207,208,209,304), found 404
USER	incrementConcurrentUsers	12	START	1602842865233	1602842865233
USER	incrementConcurrentUsers	13	START	1602842865484	1602842865484
REQUEST	10		/40x.html (GET)	1602842865462	1602842865604	KO	status.find.in(200,201,202,203,204,205,206,207,208,209,304), found 404
USER	incrementConcurrentUsers	14	START	1602842865734	1602842865734
REQUEST	6		/40x.html (GET)	1602842865947	1602842866095	KO	status.find.in(200,201,202,203,204,205,206,207,208,209,304), found 404
REQUEST	2		/40x.html (GET)	1602842866465	1602842866603	KO	status.find.in(200,201,202,203,204,205,206,207,208,209,304), found 404
REQUEST	3		/ (GET)	1602842866953	1602842867170	OK	 
REQUEST	1		/ (GET)	1602842867476	1602842867692	OK	 
REQUEST	7		/ (GET)	1602842867958	1602842868111	OK	 
REQUEST	4		/ (GET)	1602842868466	1602842868690	OK	 
REQUEST	8		/ (GET)	1602842868947	1602842869134	OK	 
REQUEST	9		/ (GET)	1602842869468	1602842869668	OK	 
REQUEST	11		/ (GET)	1602842869953	1602842870142	OK	 
REQUEST	5		/ (GET)	1602842870477	1602842870663	OK	 
REQUEST	12		/ (GET)	1602842870958	1602842871141	OK	 
REQUEST	13		/ (GET)	1602842871467	1602842871674	OK	 
REQUEST	10		/ (GET)	1602842871943	1602842872105	OK	 
REQUEST	14		/ (GET)	1602842872468	1602842872660	OK	 
REQUEST	6		/ (GET)	1602842872954	1602842873157	OK	 
REQUEST	2		/ (GET)	1602842873472	1602842873682	OK	 
REQUEST	3		/40x.html (GET)	1602842873956	1602842874110	KO	status.find.in(200,201,202,203,204,205,206,207,208,209,304), found 404
REQUEST	1		/40x.html (GET)	1602842874473	1602842874668	KO	status.find.in(200,201,202,203,204,205,206,207,208,209,304), found 404
USER	incrementConcurrentUsers	15	START	1602842874984	1602842874984
REQUEST	7		/40x.html (GET)	1602842874953	1602842875089	KO	status.find.in(200,201,202,203,204,205,206,207,208,209,304), found 404
USER	incrementConcurrentUsers	16	START	1602842875252	1602842875252
REQUEST	4		/40x.html (GET)	1602842875306	1602842875420	KO	status.find.in(200,201,202,203,204,205,206,207,208,209,304), found 404
USER	incrementConcurrentUsers	17	START	1602842875507	1602842875507
USER	incrementConcurrentUsers	18	START	1602842875754	1602842875754
REQUEST	8		/40x.html (GET)	1602842875633	1602842875867	KO	status.find.in(200,201,202,203,204,205,206,207,208,209,304), found 404
REQUEST	9		/40x.html (GET)	1602842875948	1602842876136	KO	status.find.in(200,201,202,203,204,205,206,207,208,209,304), found 404
REQUEST	11		/40x.html (GET)	1602842876307	1602842876436	KO	status.find.in(200,201,202,203,204,205,206,207,208,209,304), found 404
REQUEST	5		/40x.html (GET)	1602842876635	1602842876772	KO	status.find.in(200,201,202,203,204,205,206,207,208,209,304), found 404
REQUEST	12		/40x.html (GET)	1602842876954	1602842877077	KO	status.find.in(200,201,202,203,204,205,206,207,208,209,304), found 404
REQUEST	13		/40x.html (GET)	1602842877314	1602842877427	KO	status.find.in(200,201,202,203,204,205,206,207,208,209,304), found 404
REQUEST	10		/40x.html (GET)	1602842877644	1602842877770	KO	status.find.in(200,201,202,203,204,205,206,207,208,209,304), found 404
REQUEST	14		/40x.html (GET)	1602842877956	1602842878076	KO	status.find.in(200,201,202,203,204,205,206,207,208,209,304), found 404
REQUEST	6		/40x.html (GET)	1602842878316	1602842878425	KO	status.find.in(200,201,202,203,204,205,206,207,208,209,304), found 404
REQUEST	2		/40x.html (GET)	1602842878646	1602842878776	KO	status.find.in(200,201,202,203,204,205,206,207,208,209,304), found 404
REQUEST	3		/ (GET)	1602842878958	1602842879171	OK	 
REQUEST	1		/ (GET)	1602842879307	1602842879481	OK	 
REQUEST	15		/ (GET)	1602842879632	1602842879890	OK	 
REQUEST	7		/ (GET)	1602842879946	1602842880119	OK	 
REQUEST	16		/ (GET)	1602842880306	1602842880475	OK	 
REQUEST	4		/ (GET)	1602842880636	1602842880867	OK	 
REQUEST	17		/ (GET)	1602842880953	1602842881128	OK	 
REQUEST	18		/ (GET)	1602842881314	1602842881492	OK	 
REQUEST	8		/ (GET)	1602842881647	1602842881881	OK	 
REQUEST	9		/ (GET)	1602842881958	1602842882128	OK	 
REQUEST	11		/ (GET)	1602842882307	1602842882467	OK	 
REQUEST	5		/ (GET)	1602842882634	1602842882876	OK	 
REQUEST	12		/ (GET)	1602842882945	1602842883131	OK	 
REQUEST	13		/ (GET)	1602842883306	1602842883500	OK	 
REQUEST	10		/ (GET)	1602842883634	1602842883945	OK	 
REQUEST	14		/ (GET)	1602842883953	1602842884177	OK	 
REQUEST	6		/ (GET)	1602842884318	1602842884475	OK	 
REQUEST	2		/ (GET)	1602842884644	1602842884883	OK	 
USER	incrementConcurrentUsers	19	START	1602842884986	1602842884986
REQUEST	3		/40x.html (GET)	1602842884954	1602842885087	KO	status.find.in(200,201,202,203,204,205,206,207,208,209,304), found 404
USER	incrementConcurrentUsers	20	START	1602842885255	1602842885255
REQUEST	1		/40x.html (GET)	1602842885314	1602842885463	KO	status.find.in(200,201,202,203,204,205,206,207,208,209,304), found 404
USER	incrementConcurrentUsers	21	START	1602842885503	1602842885503
USER	incrementConcurrentUsers	22	START	1602842885758	1602842885758
REQUEST	15		/40x.html (GET)	1602842885645	1602842885871	KO	status.find.in(200,201,202,203,204,205,206,207,208,209,304), found 404
REQUEST	7		/40x.html (GET)	1602842885958	1602842886097	KO	status.find.in(200,201,202,203,204,205,206,207,208,209,304), found 404
REQUEST	16		/40x.html (GET)	1602842886306	1602842886417	KO	status.find.in(200,201,202,203,204,205,206,207,208,209,304), found 404
REQUEST	4		/40x.html (GET)	1602842886633	1602842886748	KO	status.find.in(200,201,202,203,204,205,206,207,208,209,304), found 404
REQUEST	17		/40x.html (GET)	1602842886944	1602842887065	KO	status.find.in(200,201,202,203,204,205,206,207,208,209,304), found 404
REQUEST	18		/40x.html (GET)	1602842887303	1602842887432	KO	status.find.in(200,201,202,203,204,205,206,207,208,209,304), found 404
REQUEST	8		/40x.html (GET)	1602842887638	1602842887752	KO	status.find.in(200,201,202,203,204,205,206,207,208,209,304), found 404
REQUEST	9		/40x.html (GET)	1602842887956	1602842888078	KO	status.find.in(200,201,202,203,204,205,206,207,208,209,304), found 404
REQUEST	11		/40x.html (GET)	1602842888314	1602842888443	KO	status.find.in(200,201,202,203,204,205,206,207,208,209,304), found 404
REQUEST	5		/40x.html (GET)	1602842888643	1602842888766	KO	status.find.in(200,201,202,203,204,205,206,207,208,209,304), found 404
REQUEST	12		/40x.html (GET)	1602842888956	1602842889110	KO	status.find.in(200,201,202,203,204,205,206,207,208,209,304), found 404
REQUEST	13		/40x.html (GET)	1602842889316	1602842889441	KO	status.find.in(200,201,202,203,204,205,206,207,208,209,304), found 404
REQUEST	10		/40x.html (GET)	1602842889642	1602842889752	KO	status.find.in(200,201,202,203,204,205,206,207,208,209,304), found 404
REQUEST	14		/40x.html (GET)	1602842889955	1602842890078	KO	status.find.in(200,201,202,203,204,205,206,207,208,209,304), found 404
REQUEST	6		/40x.html (GET)	1602842890314	1602842890437	KO	status.find.in(200,201,202,203,204,205,206,207,208,209,304), found 404
REQUEST	2		/40x.html (GET)	1602842890642	1602842890826	KO	status.find.in(200,201,202,203,204,205,206,207,208,209,304), found 404
REQUEST	19		/ (GET)	1602842890954	1602842891107	OK	 
REQUEST	3		/ (GET)	1602842891315	1602842891491	OK	 
REQUEST	20		/ (GET)	1602842891643	1602842891884	OK	 
REQUEST	1		/ (GET)	1602842891955	1602842892108	OK	 
REQUEST	21		/ (GET)	1602842892315	1602842892495	OK	 
REQUEST	22		/ (GET)	1602842892647	1602842892910	OK	 
REQUEST	15		/ (GET)	1602842892953	1602842893146	OK	 
REQUEST	7		/ (GET)	1602842893318	1602842893473	OK	 
REQUEST	16		/ (GET)	1602842893645	1602842893874	OK	 
REQUEST	4		/ (GET)	1602842893957	1602842894191	OK	 
REQUEST	17		/ (GET)	1602842894314	1602842894478	OK	 
REQUEST	18		/ (GET)	1602842894648	1602842894918	OK	 
USER	incrementConcurrentUsers	23	START	1602842894974	1602842894974
REQUEST	8		/ (GET)	1602842894953	1602842895156	OK	 
USER	incrementConcurrentUsers	24	START	1602842895245	1602842895245
USER	incrementConcurrentUsers	25	START	1602842895494	1602842895494
REQUEST	9		/ (GET)	1602842895223	1602842895536	OK	 
REQUEST	11		/ (GET)	1602842895472	1602842895731	OK	 
USER	incrementConcurrentUsers	26	START	1602842895748	1602842895748
REQUEST	5		/ (GET)	1602842895726	1602842895929	OK	 
REQUEST	12		/ (GET)	1602842895954	1602842896160	OK	 
REQUEST	13		/ (GET)	1602842896224	1602842896455	OK	 
REQUEST	10		/ (GET)	1602842896472	1602842896685	OK	 
REQUEST	14		/ (GET)	1602842896726	1602842896899	OK	 
REQUEST	6		/ (GET)	1602842896954	1602842897142	OK	 
REQUEST	2		/ (GET)	1602842897227	1602842897470	OK	 
REQUEST	19		/40x.html (GET)	1602842897476	1602842897690	KO	status.find.in(200,201,202,203,204,205,206,207,208,209,304), found 404
REQUEST	3		/40x.html (GET)	1602842897725	1602842897884	KO	status.find.in(200,201,202,203,204,205,206,207,208,209,304), found 404
REQUEST	20		/40x.html (GET)	1602842897953	1602842898086	KO	status.find.in(200,201,202,203,204,205,206,207,208,209,304), found 404
REQUEST	1		/40x.html (GET)	1602842898227	1602842898341	KO	status.find.in(200,201,202,203,204,205,206,207,208,209,304), found 404
REQUEST	21		/40x.html (GET)	1602842898477	1602842898587	KO	status.find.in(200,201,202,203,204,205,206,207,208,209,304), found 404
REQUEST	22		/40x.html (GET)	1602842898724	1602842898846	KO	status.find.in(200,201,202,203,204,205,206,207,208,209,304), found 404
REQUEST	15		/40x.html (GET)	1602842898956	1602842899116	KO	status.find.in(200,201,202,203,204,205,206,207,208,209,304), found 404
REQUEST	7		/40x.html (GET)	1602842899227	1602842899341	KO	status.find.in(200,201,202,203,204,205,206,207,208,209,304), found 404
REQUEST	16		/40x.html (GET)	1602842899475	1602842899678	KO	status.find.in(200,201,202,203,204,205,206,207,208,209,304), found 404
REQUEST	4		/40x.html (GET)	1602842899723	1602842899869	KO	status.find.in(200,201,202,203,204,205,206,207,208,209,304), found 404
REQUEST	17		/40x.html (GET)	1602842899956	1602842900107	KO	status.find.in(200,201,202,203,204,205,206,207,208,209,304), found 404
REQUEST	18		/40x.html (GET)	1602842900226	1602842900338	KO	status.find.in(200,201,202,203,204,205,206,207,208,209,304), found 404
REQUEST	23		/ (GET)	1602842900473	1602842900724	OK	 
REQUEST	8		/40x.html (GET)	1602842900722	1602842900909	KO	status.find.in(200,201,202,203,204,205,206,207,208,209,304), found 404
REQUEST	24		/ (GET)	1602842900956	1602842901152	OK	 
REQUEST	25		/ (GET)	1602842901222	1602842901461	OK	 
REQUEST	9		/40x.html (GET)	1602842901478	1602842901603	KO	status.find.in(200,201,202,203,204,205,206,207,208,209,304), found 404
REQUEST	11		/40x.html (GET)	1602842901725	1602842901844	KO	status.find.in(200,201,202,203,204,205,206,207,208,209,304), found 404
REQUEST	26		/ (GET)	1602842901953	1602842902153	OK	 
REQUEST	5		/40x.html (GET)	1602842902213	1602842902362	KO	status.find.in(200,201,202,203,204,205,206,207,208,209,304), found 404
REQUEST	12		/40x.html (GET)	1602842902464	1602842902675	KO	status.find.in(200,201,202,203,204,205,206,207,208,209,304), found 404
REQUEST	13		/40x.html (GET)	1602842902712	1602842902919	KO	status.find.in(200,201,202,203,204,205,206,207,208,209,304), found 404
REQUEST	10		/40x.html (GET)	1602842902946	1602842903148	KO	status.find.in(200,201,202,203,204,205,206,207,208,209,304), found 404
REQUEST	14		/40x.html (GET)	1602842903217	1602842903517	KO	status.find.in(200,201,202,203,204,205,206,207,208,209,304), found 404
REQUEST	6		/40x.html (GET)	1602842903468	1602842903728	KO	status.find.in(200,201,202,203,204,205,206,207,208,209,304), found 404
REQUEST	2		/40x.html (GET)	1602842903718	1602842903941	KO	status.find.in(200,201,202,203,204,205,206,207,208,209,304), found 404
REQUEST	19		/ (GET)	1602842903955	1602842904176	OK	 
REQUEST	3		/ (GET)	1602842904224	1602842904576	OK	 
REQUEST	20		/ (GET)	1602842904475	1602842904767	OK	 
USER	incrementConcurrentUsers	27	START	1602842904983	1602842904983
REQUEST	1		/ (GET)	1602842904725	1602842905025	OK	 
USER	incrementConcurrentUsers	28	START	1602842905252	1602842905252
REQUEST	21		/ (GET)	1602842904958	1602842905281	OK	 
USER	incrementConcurrentUsers	29	START	1602842905507	1602842905507
REQUEST	22		/ (GET)	1602842905217	1602842905561	OK	 
REQUEST	15		/ (GET)	1602842905464	1602842905712	OK	 
USER	incrementConcurrentUsers	30	START	1602842905757	1602842905757
REQUEST	7		/ (GET)	1602842905714	1602842905947	OK	 
REQUEST	16		/ (GET)	1602842905948	1602842906259	OK	 
REQUEST	4		/ (GET)	1602842906208	1602842906471	OK	 
REQUEST	17		/ (GET)	1602842906457	1602842906698	OK	 
REQUEST	18		/ (GET)	1602842906704	1602842906915	OK	 
REQUEST	23		/40x.html (GET)	1602842906943	1602842907107	KO	status.find.in(200,201,202,203,204,205,206,207,208,209,304), found 404
REQUEST	8		/ (GET)	1602842907212	1602842907369	OK	 
REQUEST	24		/40x.html (GET)	1602842907466	1602842907578	KO	status.find.in(200,201,202,203,204,205,206,207,208,209,304), found 404
REQUEST	25		/40x.html (GET)	1602842907715	1602842907834	KO	status.find.in(200,201,202,203,204,205,206,207,208,209,304), found 404
REQUEST	9		/ (GET)	1602842907955	1602842908134	OK	 
REQUEST	11		/ (GET)	1602842908228	1602842908483	OK	 
REQUEST	26		/40x.html (GET)	1602842908477	1602842908679	KO	status.find.in(200,201,202,203,204,205,206,207,208,209,304), found 404
REQUEST	5		/ (GET)	1602842908723	1602842908895	OK	 
REQUEST	12		/ (GET)	1602842908953	1602842909198	OK	 
REQUEST	13		/ (GET)	1602842909217	1602842909476	OK	 
REQUEST	10		/ (GET)	1602842909465	1602842909719	OK	 
REQUEST	14		/ (GET)	1602842909714	1602842910091	OK	 
REQUEST	6		/ (GET)	1602842909943	1602842910337	OK	 
REQUEST	2		/ (GET)	1602842910214	1602842910549	OK	 
REQUEST	19		/40x.html (GET)	1602842910468	1602842910833	KO	status.find.in(200,201,202,203,204,205,206,207,208,209,304), found 404
REQUEST	3		/40x.html (GET)	1602842910715	1602842910922	KO	status.find.in(200,201,202,203,204,205,206,207,208,209,304), found 404
REQUEST	20		/40x.html (GET)	1602842910955	1602842911107	KO	status.find.in(200,201,202,203,204,205,206,207,208,209,304), found 404
REQUEST	27		/ (GET)	1602842911226	1602842911459	OK	 
REQUEST	1		/40x.html (GET)	1602842911474	1602842911583	KO	status.find.in(200,201,202,203,204,205,206,207,208,209,304), found 404
REQUEST	28		/ (GET)	1602842911722	1602842911869	OK	 
REQUEST	21		/40x.html (GET)	1602842911956	1602842912077	KO	status.find.in(200,201,202,203,204,205,206,207,208,209,304), found 404
REQUEST	29		/ (GET)	1602842912227	1602842912464	OK	 
REQUEST	22		/40x.html (GET)	1602842912477	1602842912586	KO	status.find.in(200,201,202,203,204,205,206,207,208,209,304), found 404
REQUEST	15		/40x.html (GET)	1602842912724	1602842912875	KO	status.find.in(200,201,202,203,204,205,206,207,208,209,304), found 404
REQUEST	30		/ (GET)	1602842912957	1602842913169	OK	 
REQUEST	7		/40x.html (GET)	1602842913228	1602842913380	KO	status.find.in(200,201,202,203,204,205,206,207,208,209,304), found 404
REQUEST	16		/40x.html (GET)	1602842913472	1602842913677	KO	status.find.in(200,201,202,203,204,205,206,207,208,209,304), found 404
REQUEST	4		/40x.html (GET)	1602842913722	1602842913839	KO	status.find.in(200,201,202,203,204,205,206,207,208,209,304), found 404
REQUEST	17		/40x.html (GET)	1602842913957	1602842914099	KO	status.find.in(200,201,202,203,204,205,206,207,208,209,304), found 404
REQUEST	18		/40x.html (GET)	1602842914226	1602842914386	KO	status.find.in(200,201,202,203,204,205,206,207,208,209,304), found 404
REQUEST	23		/ (GET)	1602842914472	1602842914663	OK	 
REQUEST	8		/40x.html (GET)	1602842914728	1602842914873	KO	status.find.in(200,201,202,203,204,205,206,207,208,209,304), found 404
USER	incrementConcurrentUsers	31	START	1602842914988	1602842914988
REQUEST	24		/ (GET)	1602842914955	1602842915115	OK	 
USER	incrementConcurrentUsers	32	START	1602842915257	1602842915257
REQUEST	25		/ (GET)	1602842915178	1602842915334	OK	 
USER	incrementConcurrentUsers	33	START	1602842915505	1602842915505
REQUEST	9		/40x.html (GET)	1602842915373	1602842915509	KO	status.find.in(200,201,202,203,204,205,206,207,208,209,304), found 404
REQUEST	11		/40x.html (GET)	1602842915572	1602842915700	KO	status.find.in(200,201,202,203,204,205,206,207,208,209,304), found 404
USER	incrementConcurrentUsers	34	START	1602842915752	1602842915752
REQUEST	26		/ (GET)	1602842915774	1602842915920	OK	 
REQUEST	5		/40x.html (GET)	1602842915953	1602842916102	KO	status.find.in(200,201,202,203,204,205,206,207,208,209,304), found 404
REQUEST	12		/40x.html (GET)	1602842916174	1602842916313	KO	status.find.in(200,201,202,203,204,205,206,207,208,209,304), found 404
REQUEST	13		/40x.html (GET)	1602842916376	1602842916502	KO	status.find.in(200,201,202,203,204,205,206,207,208,209,304), found 404
REQUEST	10		/40x.html (GET)	1602842916576	1602842916699	KO	status.find.in(200,201,202,203,204,205,206,207,208,209,304), found 404
REQUEST	14		/40x.html (GET)	1602842916777	1602842916898	KO	status.find.in(200,201,202,203,204,205,206,207,208,209,304), found 404
REQUEST	6		/40x.html (GET)	1602842916957	1602842917092	KO	status.find.in(200,201,202,203,204,205,206,207,208,209,304), found 404
REQUEST	2		/40x.html (GET)	1602842917172	1602842917325	KO	status.find.in(200,201,202,203,204,205,206,207,208,209,304), found 404
REQUEST	19		/ (GET)	1602842917375	1602842917556	OK	 
REQUEST	3		/ (GET)	1602842917575	1602842917771	OK	 
REQUEST	20		/ (GET)	1602842917772	1602842918125	OK	 
REQUEST	27		/40x.html (GET)	1602842917953	1602842918265	KO	status.find.in(200,201,202,203,204,205,206,207,208,209,304), found 404
REQUEST	1		/ (GET)	1602842918175	1602842918565	OK	 
REQUEST	28		/40x.html (GET)	1602842918375	1602842918749	KO	status.find.in(200,201,202,203,204,205,206,207,208,209,304), found 404
REQUEST	21		/ (GET)	1602842918577	1602842919209	OK	 
REQUEST	29		/40x.html (GET)	1602842918773	1602842919350	KO	status.find.in(200,201,202,203,204,205,206,207,208,209,304), found 404
REQUEST	22		/ (GET)	1602842918953	1602842919884	OK	 
REQUEST	15		/ (GET)	1602842919176	1602842920068	OK	 
REQUEST	30		/40x.html (GET)	1602842919373	1602842920145	KO	status.find.in(200,201,202,203,204,205,206,207,208,209,304), found 404
REQUEST	7		/ (GET)	1602842919576	1602842920682	OK	 
REQUEST	16		/ (GET)	1602842919777	1602842921059	OK	 
REQUEST	4		/ (GET)	1602842919955	1602842921372	OK	 
REQUEST	17		/ (GET)	1602842920178	1602842921728	OK	 
REQUEST	23		/40x.html (GET)	1602842920573	1602842921939	KO	status.find.in(200,201,202,203,204,205,206,207,208,209,304), found 404
REQUEST	18		/ (GET)	1602842920372	1602842922085	OK	 
REQUEST	8		/ (GET)	1602842920776	1602842922469	OK	 
REQUEST	31		/ (GET)	1602842920957	1602842922892	OK	 
REQUEST	24		/40x.html (GET)	1602842921175	1602842922928	KO	status.find.in(200,201,202,203,204,205,206,207,208,209,304), found 404
REQUEST	25		/40x.html (GET)	1602842921575	1602842923547	KO	status.find.in(200,201,202,203,204,205,206,207,208,209,304), found 404
REQUEST	32		/ (GET)	1602842921372	1602842923798	OK	 
REQUEST	9		/ (GET)	1602842921956	1602842924389	OK	 
REQUEST	33		/ (GET)	1602842921777	1602842924617	OK	 
REQUEST	11		/ (GET)	1602842922172	1602842924780	OK	 
REQUEST	26		/40x.html (GET)	1602842922573	1602842924822	KO	status.find.in(200,201,202,203,204,205,206,207,208,209,304), found 404
USER	incrementConcurrentUsers	35	START	1602842924983	1602842924983
REQUEST	34		/ (GET)	1602842922373	1602842925166	OK	 
USER	incrementConcurrentUsers	36	START	1602842925253	1602842925253
USER	incrementConcurrentUsers	37	START	1602842925502	1602842925502
USER	incrementConcurrentUsers	38	START	1602842925755	1602842925755
REQUEST	5		/ (GET)	1602842922772	1602842925934	OK	 
REQUEST	12		/ (GET)	1602842922958	1602842926072	OK	 
REQUEST	13		/ (GET)	1602842923164	1602842926766	OK	 
REQUEST	10		/ (GET)	1602842923365	1602842926965	OK	 
REQUEST	6		/ (GET)	1602842923763	1602842927519	OK	 
REQUEST	2		/ (GET)	1602842923942	1602842927751	OK	 
REQUEST	14		/ (GET)	1602842923562	1602842927780	OK	 
REQUEST	3		/40x.html (GET)	1602842924368	1602842928120	KO	status.find.in(200,201,202,203,204,205,206,207,208,209,304), found 404
REQUEST	20		/40x.html (GET)	1602842924563	1602842928159	KO	status.find.in(200,201,202,203,204,205,206,207,208,209,304), found 404
REQUEST	1		/40x.html (GET)	1602842924957	1602842928519	KO	status.find.in(200,201,202,203,204,205,206,207,208,209,304), found 404
REQUEST	19		/40x.html (GET)	1602842924167	1602842928749	KO	status.find.in(200,201,202,203,204,205,206,207,208,209,304), found 404
REQUEST	27		/ (GET)	1602842924767	1602842928883	OK	 
REQUEST	21		/40x.html (GET)	1602842925376	1602842929365	KO	status.find.in(200,201,202,203,204,205,206,207,208,209,304), found 404
REQUEST	28		/ (GET)	1602842925173	1602842929497	OK	 
REQUEST	22		/40x.html (GET)	1602842925777	1602842929516	KO	status.find.in(200,201,202,203,204,205,206,207,208,209,304), found 404
REQUEST	15		/40x.html (GET)	1602842925958	1602842929692	KO	status.find.in(200,201,202,203,204,205,206,207,208,209,304), found 404
REQUEST	16		/40x.html (GET)	1602842926563	1602842930701	KO	status.find.in(200,201,202,203,204,205,206,207,208,209,304), found 404
REQUEST	29		/ (GET)	1602842925577	1602842930728	OK	 
REQUEST	7		/40x.html (GET)	1602842926367	1602842930822	KO	status.find.in(200,201,202,203,204,205,206,207,208,209,304), found 404
REQUEST	4		/40x.html (GET)	1602842926764	1602842931082	KO	status.find.in(200,201,202,203,204,205,206,207,208,209,304), found 404
REQUEST	17		/40x.html (GET)	1602842926946	1602842931095	KO	status.find.in(200,201,202,203,204,205,206,207,208,209,304), found 404
REQUEST	18		/40x.html (GET)	1602842927366	1602842931155	KO	status.find.in(200,201,202,203,204,205,206,207,208,209,304), found 404
REQUEST	8		/40x.html (GET)	1602842927562	1602842931327	KO	status.find.in(200,201,202,203,204,205,206,207,208,209,304), found 404
REQUEST	30		/ (GET)	1602842926165	1602842931524	OK	 
REQUEST	31		/40x.html (GET)	1602842927763	1602842931691	KO	status.find.in(200,201,202,203,204,205,206,207,208,209,304), found 404
REQUEST	32		/40x.html (GET)	1602842928376	1602842932301	KO	status.find.in(200,201,202,203,204,205,206,207,208,209,304), found 404
REQUEST	9		/40x.html (GET)	1602842928576	1602842932384	KO	status.find.in(200,201,202,203,204,205,206,207,208,209,304), found 404
REQUEST	23		/ (GET)	1602842927163	1602842932502	OK	 
REQUEST	33		/40x.html (GET)	1602842928778	1602842932541	KO	status.find.in(200,201,202,203,204,205,206,207,208,209,304), found 404
REQUEST	24		/ (GET)	1602842927954	1602842932738	OK	 
REQUEST	25		/ (GET)	1602842928176	1602842932894	OK	 
REQUEST	11		/40x.html (GET)	1602842928956	1602842933073	KO	status.find.in(200,201,202,203,204,205,206,207,208,209,304), found 404
REQUEST	34		/40x.html (GET)	1602842929572	1602842933561	KO	status.find.in(200,201,202,203,204,205,206,207,208,209,304), found 404
REQUEST	26		/ (GET)	1602842929174	1602842934334	OK	 
REQUEST	13		/40x.html (GET)	1602842930773	1602842934790	KO	status.find.in(200,201,202,203,204,205,206,207,208,209,304), found 404
REQUEST	12		/40x.html (GET)	1602842930572	1602842934979	KO	status.find.in(200,201,202,203,204,205,206,207,208,209,304), found 404
REQUEST	5		/40x.html (GET)	1602842930378	1602842935105	KO	status.find.in(200,201,202,203,204,205,206,207,208,209,304), found 404
REQUEST	10		/40x.html (GET)	1602842930954	1602842935142	KO	status.find.in(200,201,202,203,204,205,206,207,208,209,304), found 404
REQUEST	35		/ (GET)	1602842929375	1602842935183	OK	 
REQUEST	6		/40x.html (GET)	1602842931177	1602842935291	KO	status.find.in(200,201,202,203,204,205,206,207,208,209,304), found 404
REQUEST	36		/ (GET)	1602842929776	1602842935360	OK	 
REQUEST	2		/40x.html (GET)	1602842931372	1602842935417	KO	status.find.in(200,201,202,203,204,205,206,207,208,209,304), found 404
REQUEST	14		/40x.html (GET)	1602842931572	1602842935580	KO	status.find.in(200,201,202,203,204,205,206,207,208,209,304), found 404
REQUEST	37		/ (GET)	1602842929954	1602842935708	OK	 
REQUEST	38		/ (GET)	1602842930177	1602842935753	OK	 
REQUEST	27		/40x.html (GET)	1602842932575	1602842936686	KO	status.find.in(200,201,202,203,204,205,206,207,208,209,304), found 404
REQUEST	28		/40x.html (GET)	1602842932957	1602842937209	KO	status.find.in(200,201,202,203,204,205,206,207,208,209,304), found 404
REQUEST	3		/ (GET)	1602842931772	1602842937376	OK	 
REQUEST	20		/ (GET)	1602842931953	1602842937580	OK	 
REQUEST	21		/ (GET)	1602842932772	1602842937728	OK	 
REQUEST	1		/ (GET)	1602842932176	1602842938173	OK	 
REQUEST	19		/ (GET)	1602842932373	1602842938290	OK	 
REQUEST	22		/ (GET)	1602842933175	1602842938689	OK	 
REQUEST	29		/40x.html (GET)	1602842933777	1602842939170	KO	status.find.in(200,201,202,203,204,205,206,207,208,209,304), found 404
REQUEST	15		/ (GET)	1602842933372	1602842939889	OK	 
REQUEST	30		/40x.html (GET)	1602842934958	1602842939907	KO	status.find.in(200,201,202,203,204,205,206,207,208,209,304), found 404
REQUEST	16		/ (GET)	1602842933575	1602842940152	OK	 
REQUEST	4		/ (GET)	1602842934173	1602842940497	OK	 
REQUEST	31		/ (GET)	1602842935133	1602842940663	OK	 
REQUEST	23		/40x.html (GET)	1602842935637	1602842940814	KO	status.find.in(200,201,202,203,204,205,206,207,208,209,304), found 404
REQUEST	18		/ (GET)	1602842934577	1602842940827	OK	 
REQUEST	17		/ (GET)	1602842934376	1602842940937	OK	 
REQUEST	7		/ (GET)	1602842933956	1602842940961	OK	 
REQUEST	32		/ (GET)	1602842935303	1602842941085	OK	 
REQUEST	8		/ (GET)	1602842934778	1602842941115	OK	 
REQUEST	9		/ (GET)	1602842935468	1602842941651	OK	 
REQUEST	24		/40x.html (GET)	1602842935943	1602842941665	KO	status.find.in(200,201,202,203,204,205,206,207,208,209,304), found 404
REQUEST	25		/40x.html (GET)	1602842936133	1602842941860	KO	status.find.in(200,201,202,203,204,205,206,207,208,209,304), found 404
REQUEST	33		/ (GET)	1602842935806	1602842942293	OK	 
REQUEST	26		/40x.html (GET)	1602842936635	1602842942569	KO	status.find.in(200,201,202,203,204,205,206,207,208,209,304), found 404
REQUEST	11		/ (GET)	1602842936308	1602842943202	OK	 
REQUEST	34		/ (GET)	1602842936466	1602842943519	OK	 
REQUEST	13		/ (GET)	1602842936805	1602842943956	OK	 
REQUEST	35		/40x.html (GET)	1602842937478	1602842944277	KO	status.find.in(200,201,202,203,204,205,206,207,208,209,304), found 404
REQUEST	36		/40x.html (GET)	1602842937817	1602842944594	KO	status.find.in(200,201,202,203,204,205,206,207,208,209,304), found 404
REQUEST	12		/ (GET)	1602842936953	1602842944688	OK	 
REQUEST	37		/40x.html (GET)	1602842938315	1602842944811	KO	status.find.in(200,201,202,203,204,205,206,207,208,209,304), found 404
REQUEST	10		/ (GET)	1602842937314	1602842945122	OK	 
REQUEST	38		/40x.html (GET)	1602842938473	1602842945509	KO	status.find.in(200,201,202,203,204,205,206,207,208,209,304), found 404
REQUEST	3		/40x.html (GET)	1602842938954	1602842945766	KO	status.find.in(200,201,202,203,204,205,206,207,208,209,304), found 404
REQUEST	20		/40x.html (GET)	1602842939144	1602842945940	KO	status.find.in(200,201,202,203,204,205,206,207,208,209,304), found 404
REQUEST	5		/ (GET)	1602842937144	1602842945945	OK	 
REQUEST	14		/ (GET)	1602842938146	1602842945977	OK	 
REQUEST	21		/40x.html (GET)	1602842939313	1602842946100	KO	status.find.in(200,201,202,203,204,205,206,207,208,209,304), found 404
REQUEST	6		/ (GET)	1602842937647	1602842946102	OK	 
REQUEST	1		/40x.html (GET)	1602842939472	1602842946353	KO	status.find.in(200,201,202,203,204,205,206,207,208,209,304), found 404
REQUEST	2		/ (GET)	1602842937955	1602842946472	OK	 
REQUEST	27		/ (GET)	1602842938643	1602842946506	OK	 
REQUEST	28		/ (GET)	1602842938812	1602842946692	OK	 
REQUEST	19		/40x.html (GET)	1602842939643	1602842946713	KO	status.find.in(200,201,202,203,204,205,206,207,208,209,304), found 404
REQUEST	22		/40x.html (GET)	1602842939812	1602842947553	KO	status.find.in(200,201,202,203,204,205,206,207,208,209,304), found 404
REQUEST	15		/40x.html (GET)	1602842940147	1602842948100	KO	status.find.in(200,201,202,203,204,205,206,207,208,209,304), found 404
REQUEST	29		/ (GET)	1602842939956	1602842948874	OK	 
REQUEST	4		/40x.html (GET)	1602842940643	1602842949081	KO	status.find.in(200,201,202,203,204,205,206,207,208,209,304), found 404
REQUEST	16		/40x.html (GET)	1602842940485	1602842949202	KO	status.find.in(200,201,202,203,204,205,206,207,208,209,304), found 404
REQUEST	31		/40x.html (GET)	1602842940803	1602842949358	KO	status.find.in(200,201,202,203,204,205,206,207,208,209,304), found 404
REQUEST	30		/ (GET)	1602842940317	1602842949498	OK	 
REQUEST	18		/40x.html (GET)	1602842941148	1602842949946	KO	status.find.in(200,201,202,203,204,205,206,207,208,209,304), found 404
REQUEST	8		/40x.html (GET)	1602842941815	1602842950125	KO	status.find.in(200,201,202,203,204,205,206,207,208,209,304), found 404
REQUEST	7		/40x.html (GET)	1602842941476	1602842950160	KO	status.find.in(200,201,202,203,204,205,206,207,208,209,304), found 404
REQUEST	32		/40x.html (GET)	1602842941646	1602842950176	KO	status.find.in(200,201,202,203,204,205,206,207,208,209,304), found 404
REQUEST	23		/ (GET)	1602842940957	1602842950288	OK	 
REQUEST	9		/40x.html (GET)	1602842941953	1602842950323	KO	status.find.in(200,201,202,203,204,205,206,207,208,209,304), found 404
REQUEST	17		/40x.html (GET)	1602842941316	1602842950363	KO	status.find.in(200,201,202,203,204,205,206,207,208,209,304), found 404
REQUEST	33		/40x.html (GET)	1602842942467	1602842950702	KO	status.find.in(200,201,202,203,204,205,206,207,208,209,304), found 404
REQUEST	11		/40x.html (GET)	1602842943203	1602842950819	KO	status.find.in(200,201,202,203,204,205,206,207,208,209,304), found 404
REQUEST	34		/40x.html (GET)	1602842943520	1602842950897	KO	status.find.in(200,201,202,203,204,205,206,207,208,209,304), found 404
REQUEST	24		/ (GET)	1602842942144	1602842951347	OK	 
REQUEST	25		/ (GET)	1602842942313	1602842951546	OK	 
REQUEST	26		/ (GET)	1602842942635	1602842951787	OK	 
REQUEST	13		/40x.html (GET)	1602842943957	1602842952154	KO	status.find.in(200,201,202,203,204,205,206,207,208,209,304), found 404
REQUEST	12		/40x.html (GET)	1602842944688	1602842952988	KO	status.find.in(200,201,202,203,204,205,206,207,208,209,304), found 404
REQUEST	10		/40x.html (GET)	1602842945122	1602842953485	KO	status.find.in(200,201,202,203,204,205,206,207,208,209,304), found 404
REQUEST	35		/ (GET)	1602842944278	1602842953599	OK	 
REQUEST	14		/40x.html (GET)	1602842946135	1602842954219	KO	status.find.in(200,201,202,203,204,205,206,207,208,209,304), found 404
REQUEST	6		/40x.html (GET)	1602842946462	1602842954331	KO	status.find.in(200,201,202,203,204,205,206,207,208,209,304), found 404
REQUEST	37		/ (GET)	1602842944812	1602842954385	OK	 
REQUEST	5		/40x.html (GET)	1602842945945	1602842954409	KO	status.find.in(200,201,202,203,204,205,206,207,208,209,304), found 404
REQUEST	36		/ (GET)	1602842944595	1602842954471	OK	 
REQUEST	27		/40x.html (GET)	1602842946957	1602842954557	KO	status.find.in(200,201,202,203,204,205,206,207,208,209,304), found 404
REQUEST	38		/ (GET)	1602842945509	1602842954711	OK	 
REQUEST	2		/40x.html (GET)	1602842946792	1602842954735	KO	status.find.in(200,201,202,203,204,205,206,207,208,209,304), found 404
REQUEST	28		/40x.html (GET)	1602842947147	1602842955098	KO	status.find.in(200,201,202,203,204,205,206,207,208,209,304), found 404
REQUEST	20		/ (GET)	1602842945940	1602842955165	OK	 
REQUEST	3		/ (GET)	1602842945766	1602842955767	OK	 
REQUEST	1		/ (GET)	1602842946622	1602842956297	OK	 
REQUEST	21		/ (GET)	1602842946293	1602842956335	OK	 
REQUEST	29		/40x.html (GET)	1602842948874	1602842956685	KO	status.find.in(200,201,202,203,204,205,206,207,208,209,304), found 404
REQUEST	19		/ (GET)	1602842947317	1602842956691	OK	 
REQUEST	22		/ (GET)	1602842947553	1602842956966	OK	 
REQUEST	15		/ (GET)	1602842948100	1602842957756	OK	 
REQUEST	30		/40x.html (GET)	1602842949498	1602842958271	KO	status.find.in(200,201,202,203,204,205,206,207,208,209,304), found 404
REQUEST	4		/ (GET)	1602842949082	1602842958295	OK	 
REQUEST	23		/40x.html (GET)	1602842950632	1602842958459	KO	status.find.in(200,201,202,203,204,205,206,207,208,209,304), found 404
REQUEST	16		/ (GET)	1602842949202	1602842958887	OK	 
REQUEST	31		/ (GET)	1602842949359	1602842959083	OK	 
REQUEST	18		/ (GET)	1602842949947	1602842959136	OK	 
REQUEST	32		/ (GET)	1602842950458	1602842959265	OK	 
REQUEST	8		/ (GET)	1602842950125	1602842959305	OK	 
REQUEST	17		/ (GET)	1602842950958	1602842959478	OK	 
REQUEST	7		/ (GET)	1602842950293	1602842959526	OK	 
REQUEST	9		/ (GET)	1602842950797	1602842959938	OK	 
REQUEST	33		/ (GET)	1602842951132	1602842960276	OK	 
REQUEST	25		/40x.html (GET)	1602842951815	1602842960288	KO	status.find.in(200,201,202,203,204,205,206,207,208,209,304), found 404
REQUEST	24		/40x.html (GET)	1602842951645	1602842960366	KO	status.find.in(200,201,202,203,204,205,206,207,208,209,304), found 404
REQUEST	11		/ (GET)	1602842951307	1602842960492	OK	 
REQUEST	26		/40x.html (GET)	1602842951942	1602842960727	KO	status.find.in(200,201,202,203,204,205,206,207,208,209,304), found 404
REQUEST	34		/ (GET)	1602842951466	1602842960804	OK	 
REQUEST	13		/ (GET)	1602842952155	1602842961747	OK	 
REQUEST	12		/ (GET)	1602842952988	1602842962158	OK	 
REQUEST	35		/40x.html (GET)	1602842953599	1602842962464	KO	status.find.in(200,201,202,203,204,205,206,207,208,209,304), found 404
REQUEST	37		/40x.html (GET)	1602842954386	1602842962860	KO	status.find.in(200,201,202,203,204,205,206,207,208,209,304), found 404
REQUEST	10		/ (GET)	1602842953485	1602842962967	OK	 
REQUEST	14		/ (GET)	1602842954220	1602842963596	OK	 
REQUEST	38		/40x.html (GET)	1602842954955	1602842963675	KO	status.find.in(200,201,202,203,204,205,206,207,208,209,304), found 404
REQUEST	36		/40x.html (GET)	1602842954638	1602842963751	KO	status.find.in(200,201,202,203,204,205,206,207,208,209,304), found 404
REQUEST	6		/ (GET)	1602842954332	1602842963892	OK	 
REQUEST	5		/ (GET)	1602842954474	1602842964194	OK	 
REQUEST	27		/ (GET)	1602842954808	1602842964308	OK	 
REQUEST	3		/40x.html (GET)	1602842955767	1602842964407	KO	status.find.in(200,201,202,203,204,205,206,207,208,209,304), found 404
REQUEST	1		/40x.html (GET)	1602842956297	1602842964471	KO	status.find.in(200,201,202,203,204,205,206,207,208,209,304), found 404
REQUEST	20		/40x.html (GET)	1602842955396	1602842964480	KO	status.find.in(200,201,202,203,204,205,206,207,208,209,304), found 404
REQUEST	22		/40x.html (GET)	1602842956966	1602842964665	KO	status.find.in(200,201,202,203,204,205,206,207,208,209,304), found 404
REQUEST	2		/ (GET)	1602842955125	1602842964770	OK	 
REQUEST	28		/ (GET)	1602842955262	1602842964783	OK	 
REQUEST	19		/40x.html (GET)	1602842956692	1602842964978	KO	status.find.in(200,201,202,203,204,205,206,207,208,209,304), found 404
REQUEST	29		/ (GET)	1602842956686	1602842965530	OK	 
REQUEST	21		/40x.html (GET)	1602842956336	1602842965567	KO	status.find.in(200,201,202,203,204,205,206,207,208,209,304), found 404
REQUEST	15		/40x.html (GET)	1602842957757	1602842965775	KO	status.find.in(200,201,202,203,204,205,206,207,208,209,304), found 404
REQUEST	4		/40x.html (GET)	1602842958295	1602842966746	KO	status.find.in(200,201,202,203,204,205,206,207,208,209,304), found 404
REQUEST	16		/40x.html (GET)	1602842958887	1602842967055	KO	status.find.in(200,201,202,203,204,205,206,207,208,209,304), found 404
REQUEST	30		/ (GET)	1602842958272	1602842967309	OK	 
REQUEST	31		/40x.html (GET)	1602842959083	1602842967669	KO	status.find.in(200,201,202,203,204,205,206,207,208,209,304), found 404
REQUEST	8		/40x.html (GET)	1602842959396	1602842967757	KO	status.find.in(200,201,202,203,204,205,206,207,208,209,304), found 404
REQUEST	18		/40x.html (GET)	1602842959136	1602842967874	KO	status.find.in(200,201,202,203,204,205,206,207,208,209,304), found 404
REQUEST	32		/40x.html (GET)	1602842959265	1602842967888	KO	status.find.in(200,201,202,203,204,205,206,207,208,209,304), found 404
REQUEST	23		/ (GET)	1602842958459	1602842967967	OK	 
REQUEST	7		/40x.html (GET)	1602842959692	1602842968347	KO	status.find.in(200,201,202,203,204,205,206,207,208,209,304), found 404
REQUEST	33		/40x.html (GET)	1602842960276	1602842968699	KO	status.find.in(200,201,202,203,204,205,206,207,208,209,304), found 404
REQUEST	17		/40x.html (GET)	1602842959544	1602842968755	KO	status.find.in(200,201,202,203,204,205,206,207,208,209,304), found 404
REQUEST	9		/40x.html (GET)	1602842959938	1602842968951	KO	status.find.in(200,201,202,203,204,205,206,207,208,209,304), found 404
REQUEST	34		/40x.html (GET)	1602842960804	1602842969066	KO	status.find.in(200,201,202,203,204,205,206,207,208,209,304), found 404
REQUEST	11		/40x.html (GET)	1602842960493	1602842969140	KO	status.find.in(200,201,202,203,204,205,206,207,208,209,304), found 404
REQUEST	12		/40x.html (GET)	1602842962158	1602842969351	KO	status.find.in(200,201,202,203,204,205,206,207,208,209,304), found 404
REQUEST	13		/40x.html (GET)	1602842961748	1602842969729	KO	status.find.in(200,201,202,203,204,205,206,207,208,209,304), found 404
REQUEST	25		/ (GET)	1602842960289	1602842969742	OK	 
REQUEST	24		/ (GET)	1602842960366	1602842969817	OK	 
REQUEST	26		/ (GET)	1602842960728	1602842969859	OK	 
REQUEST	35		/ (GET)	1602842962464	1602842970844	OK	 
REQUEST	10		/40x.html (GET)	1602842962967	1602842970908	KO	status.find.in(200,201,202,203,204,205,206,207,208,209,304), found 404
REQUEST	14		/40x.html (GET)	1602842963596	1602842971312	KO	status.find.in(200,201,202,203,204,205,206,207,208,209,304), found 404
REQUEST	6		/40x.html (GET)	1602842963893	1602842971705	KO	status.find.in(200,201,202,203,204,205,206,207,208,209,304), found 404
REQUEST	5		/40x.html (GET)	1602842964194	1602842971776	KO	status.find.in(200,201,202,203,204,205,206,207,208,209,304), found 404
REQUEST	27		/40x.html (GET)	1602842964309	1602842971958	KO	status.find.in(200,201,202,203,204,205,206,207,208,209,304), found 404
REQUEST	37		/ (GET)	1602842962860	1602842972056	OK	 
REQUEST	36		/ (GET)	1602842963751	1602842972901	OK	 
REQUEST	2		/40x.html (GET)	1602842964832	1602842972923	KO	status.find.in(200,201,202,203,204,205,206,207,208,209,304), found 404
REQUEST	38		/ (GET)	1602842963676	1602842973259	OK	 
REQUEST	28		/40x.html (GET)	1602842964954	1602842973281	KO	status.find.in(200,201,202,203,204,205,206,207,208,209,304), found 404
REQUEST	3		/ (GET)	1602842964408	1602842973650	OK	 
REQUEST	1		/ (GET)	1602842964472	1602842973817	OK	 
REQUEST	29		/40x.html (GET)	1602842965531	1602842973943	KO	status.find.in(200,201,202,203,204,205,206,207,208,209,304), found 404
REQUEST	20		/ (GET)	1602842964544	1602842974186	OK	 
REQUEST	4		/ (GET)	1602842966746	1602842974784	OK	 
REQUEST	22		/ (GET)	1602842964683	1602842974828	OK	 
REQUEST	19		/ (GET)	1602842965112	1602842974846	OK	 
REQUEST	30		/40x.html (GET)	1602842967309	1602842975168	KO	status.find.in(200,201,202,203,204,205,206,207,208,209,304), found 404
REQUEST	21		/ (GET)	1602842965568	1602842975307	OK	 
REQUEST	15		/ (GET)	1602842965775	1602842975397	OK	 
REQUEST	16		/ (GET)	1602842967055	1602842975906	OK	 
REQUEST	23		/40x.html (GET)	1602842967967	1602842976082	KO	status.find.in(200,201,202,203,204,205,206,207,208,209,304), found 404
REQUEST	8		/ (GET)	1602842967758	1602842976705	OK	 
REQUEST	32		/ (GET)	1602842967888	1602842976913	OK	 
REQUEST	31		/ (GET)	1602842967669	1602842977125	OK	 
REQUEST	18		/ (GET)	1602842967875	1602842977164	OK	 
REQUEST	7		/ (GET)	1602842968348	1602842977555	OK	 
REQUEST	33		/ (GET)	1602842968699	1602842977698	OK	 
REQUEST	17		/ (GET)	1602842968755	1602842977943	OK	 
REQUEST	9		/ (GET)	1602842968951	1602842978538	OK	 
REQUEST	26		/40x.html (GET)	1602842969954	1602842978655	KO	status.find.in(200,201,202,203,204,205,206,207,208,209,304), found 404
REQUEST	12		/ (GET)	1602842969388	1602842978715	OK	 
REQUEST	24		/40x.html (GET)	1602842969817	1602842978779	KO	status.find.in(200,201,202,203,204,205,206,207,208,209,304), found 404
REQUEST	34		/ (GET)	1602842969106	1602842978887	OK	 
REQUEST	25		/40x.html (GET)	1602842969742	1602842978986	KO	status.find.in(200,201,202,203,204,205,206,207,208,209,304), found 404
REQUEST	13		/ (GET)	1602842969729	1602842979130	OK	 
REQUEST	11		/ (GET)	1602842969232	1602842979186	OK	 
REQUEST	35		/40x.html (GET)	1602842970845	1602842979197	KO	status.find.in(200,201,202,203,204,205,206,207,208,209,304), found 404
REQUEST	10		/ (GET)	1602842970908	1602842980342	OK	 
REQUEST	14		/ (GET)	1602842971312	1602842980754	OK	 
REQUEST	37		/40x.html (GET)	1602842972124	1602842980860	KO	status.find.in(200,201,202,203,204,205,206,207,208,209,304), found 404
REQUEST	6		/ (GET)	1602842971705	1602842980877	OK	 
REQUEST	5		/ (GET)	1602842971776	1602842980964	OK	 
REQUEST	38		/40x.html (GET)	1602842973260	1602842981327	KO	status.find.in(200,201,202,203,204,205,206,207,208,209,304), found 404
REQUEST	36		/40x.html (GET)	1602842972901	1602842981388	KO	status.find.in(200,201,202,203,204,205,206,207,208,209,304), found 404
REQUEST	27		/ (GET)	1602842971958	1602842981681	OK	 
REQUEST	3		/40x.html (GET)	1602842973650	1602842981904	KO	status.find.in(200,201,202,203,204,205,206,207,208,209,304), found 404
REQUEST	2		/ (GET)	1602842972924	1602842982096	OK	 
REQUEST	1		/40x.html (GET)	1602842973818	1602842982337	KO	status.find.in(200,201,202,203,204,205,206,207,208,209,304), found 404
REQUEST	20		/40x.html (GET)	1602842974187	1602842982665	KO	status.find.in(200,201,202,203,204,205,206,207,208,209,304), found 404
REQUEST	21		/40x.html (GET)	1602842975307	1602842982955	KO	status.find.in(200,201,202,203,204,205,206,207,208,209,304), found 404
REQUEST	22		/40x.html (GET)	1602842974828	1602842982977	KO	status.find.in(200,201,202,203,204,205,206,207,208,209,304), found 404
REQUEST	28		/ (GET)	1602842973281	1602842982985	OK	 
REQUEST	4		/40x.html (GET)	1602842974784	1602842983063	KO	status.find.in(200,201,202,203,204,205,206,207,208,209,304), found 404
REQUEST	19		/40x.html (GET)	1602842974847	1602842983190	KO	status.find.in(200,201,202,203,204,205,206,207,208,209,304), found 404
REQUEST	15		/40x.html (GET)	1602842975397	1602842983517	KO	status.find.in(200,201,202,203,204,205,206,207,208,209,304), found 404
REQUEST	29		/ (GET)	1602842973944	1602842984093	OK	 
REQUEST	30		/ (GET)	1602842975168	1602842984154	OK	 
REQUEST	16		/40x.html (GET)	1602842975907	1602842984189	KO	status.find.in(200,201,202,203,204,205,206,207,208,209,304), found 404
REQUEST	8		/40x.html (GET)	1602842976705	1602842984588	KO	status.find.in(200,201,202,203,204,205,206,207,208,209,304), found 404
REQUEST	32		/40x.html (GET)	1602842976913	1602842984684	KO	status.find.in(200,201,202,203,204,205,206,207,208,209,304), found 404
REQUEST	31		/40x.html (GET)	1602842977125	1602842985010	KO	status.find.in(200,201,202,203,204,205,206,207,208,209,304), found 404
REQUEST	7		/40x.html (GET)	1602842977555	1602842985299	KO	status.find.in(200,201,202,203,204,205,206,207,208,209,304), found 404
REQUEST	18		/40x.html (GET)	1602842977165	1602842985306	KO	status.find.in(200,201,202,203,204,205,206,207,208,209,304), found 404
REQUEST	23		/ (GET)	1602842976082	1602842985396	OK	 
REQUEST	17		/40x.html (GET)	1602842977944	1602842985739	KO	status.find.in(200,201,202,203,204,205,206,207,208,209,304), found 404
REQUEST	9		/40x.html (GET)	1602842978538	1602842986071	KO	status.find.in(200,201,202,203,204,205,206,207,208,209,304), found 404
REQUEST	33		/40x.html (GET)	1602842977698	1602842986085	KO	status.find.in(200,201,202,203,204,205,206,207,208,209,304), found 404
REQUEST	12		/40x.html (GET)	1602842978715	1602842986706	KO	status.find.in(200,201,202,203,204,205,206,207,208,209,304), found 404
REQUEST	34		/40x.html (GET)	1602842978888	1602842986888	KO	status.find.in(200,201,202,203,204,205,206,207,208,209,304), found 404
REQUEST	13		/40x.html (GET)	1602842979130	1602842986940	KO	status.find.in(200,201,202,203,204,205,206,207,208,209,304), found 404
REQUEST	11		/40x.html (GET)	1602842979222	1602842987168	KO	status.find.in(200,201,202,203,204,205,206,207,208,209,304), found 404
REQUEST	26		/ (GET)	1602842978655	1602842987465	OK	 
REQUEST	24		/ (GET)	1602842978780	1602842987790	OK	 
REQUEST	14		/40x.html (GET)	1602842980754	1602842987899	KO	status.find.in(200,201,202,203,204,205,206,207,208,209,304), found 404
REQUEST	10		/40x.html (GET)	1602842980342	1602842988056	KO	status.find.in(200,201,202,203,204,205,206,207,208,209,304), found 404
REQUEST	25		/ (GET)	1602842978987	1602842988156	OK	 
REQUEST	35		/ (GET)	1602842979355	1602842988388	OK	 
REQUEST	5		/40x.html (GET)	1602842980964	1602842988741	KO	status.find.in(200,201,202,203,204,205,206,207,208,209,304), found 404
REQUEST	6		/40x.html (GET)	1602842980878	1602842988937	KO	status.find.in(200,201,202,203,204,205,206,207,208,209,304), found 404
REQUEST	37		/ (GET)	1602842980860	1602842989292	OK	 
REQUEST	27		/40x.html (GET)	1602842981681	1602842989505	KO	status.find.in(200,201,202,203,204,205,206,207,208,209,304), found 404
REQUEST	2		/40x.html (GET)	1602842982096	1602842990484	KO	status.find.in(200,201,202,203,204,205,206,207,208,209,304), found 404
REQUEST	38		/ (GET)	1602842981328	1602842990523	OK	 
REQUEST	36		/ (GET)	1602842981388	1602842990947	OK	 
REQUEST	28		/40x.html (GET)	1602842983222	1602842990956	KO	status.find.in(200,201,202,203,204,205,206,207,208,209,304), found 404
REQUEST	1		/ (GET)	1602842982337	1602842991074	OK	 
REQUEST	20		/ (GET)	1602842982666	1602842991496	OK	 
REQUEST	3		/ (GET)	1602842981904	1602842991673	OK	 
REQUEST	21		/ (GET)	1602842982956	1602842991718	OK	 
REQUEST	22		/ (GET)	1602842983107	1602842992087	OK	 
REQUEST	29		/40x.html (GET)	1602842984094	1602842992307	KO	status.find.in(200,201,202,203,204,205,206,207,208,209,304), found 404
REQUEST	4		/ (GET)	1602842983344	1602842992565	OK	 
REQUEST	30		/40x.html (GET)	1602842984155	1602842992866	KO	status.find.in(200,201,202,203,204,205,206,207,208,209,304), found 404
REQUEST	19		/ (GET)	1602842983478	1602842993236	OK	 
REQUEST	15		/ (GET)	1602842983604	1602842993394	OK	 
REQUEST	16		/ (GET)	1602842984213	1602842993551	OK	 
REQUEST	32		/ (GET)	1602842984684	1602842994067	OK	 
REQUEST	8		/ (GET)	1602842984589	1602842994143	OK	 
REQUEST	31		/ (GET)	1602842985010	1602842994487	OK	 
REQUEST	23		/40x.html (GET)	1602842985397	1602842994563	KO	status.find.in(200,201,202,203,204,205,206,207,208,209,304), found 404
REQUEST	7		/ (GET)	1602842985299	1602842995066	OK	 
REQUEST	18		/ (GET)	1602842985307	1602842995299	OK	 
REQUEST	12		/ (GET)	1602842986707	1602842996101	OK	 
REQUEST	9		/ (GET)	1602842986072	1602842996117	OK	 
REQUEST	17		/ (GET)	1602842985740	1602842996256	OK	 
REQUEST	33		/ (GET)	1602842986085	1602842996496	OK	 
REQUEST	11		/ (GET)	1602842987168	1602842996741	OK	 
REQUEST	34		/ (GET)	1602842986888	1602842996908	OK	 
REQUEST	13		/ (GET)	1602842986940	1602842996915	OK	 
REQUEST	24		/40x.html (GET)	1602842987791	1602842997309	KO	status.find.in(200,201,202,203,204,205,206,207,208,209,304), found 404
REQUEST	25		/40x.html (GET)	1602842988157	1602842997379	KO	status.find.in(200,201,202,203,204,205,206,207,208,209,304), found 404
REQUEST	26		/40x.html (GET)	1602842987465	1602842997501	KO	status.find.in(200,201,202,203,204,205,206,207,208,209,304), found 404
REQUEST	14		/ (GET)	1602842987900	1602842998061	OK	 
REQUEST	10		/ (GET)	1602842988056	1602842998256	OK	 
REQUEST	37		/40x.html (GET)	1602842989293	1602842998354	KO	status.find.in(200,201,202,203,204,205,206,207,208,209,304), found 404
REQUEST	35		/40x.html (GET)	1602842988388	1602842998527	KO	status.find.in(200,201,202,203,204,205,206,207,208,209,304), found 404
REQUEST	38		/40x.html (GET)	1602842990524	1602842998917	KO	status.find.in(200,201,202,203,204,205,206,207,208,209,304), found 404
REQUEST	6		/ (GET)	1602842988937	1602842999364	OK	 
REQUEST	2		/ (GET)	1602842990484	1602842999540	OK	 
REQUEST	36		/40x.html (GET)	1602842990948	1602842999681	KO	status.find.in(200,201,202,203,204,205,206,207,208,209,304), found 404
REQUEST	5		/ (GET)	1602842988742	1602843000058	OK	 
REQUEST	27		/ (GET)	1602842989505	1602843000115	OK	 
REQUEST	1		/40x.html (GET)	1602842991227	1602843000279	KO	status.find.in(200,201,202,203,204,205,206,207,208,209,304), found 404
REQUEST	20		/40x.html (GET)	1602842991496	1602843000309	KO	status.find.in(200,201,202,203,204,205,206,207,208,209,304), found 404
REQUEST	3		/40x.html (GET)	1602842991674	1602843000479	KO	status.find.in(200,201,202,203,204,205,206,207,208,209,304), found 404
REQUEST	21		/40x.html (GET)	1602842991718	1602843001105	KO	status.find.in(200,201,202,203,204,205,206,207,208,209,304), found 404
REQUEST	28		/ (GET)	1602842991094	1602843001486	OK	 
REQUEST	4		/40x.html (GET)	1602842992565	1602843001539	KO	status.find.in(200,201,202,203,204,205,206,207,208,209,304), found 404
REQUEST	22		/40x.html (GET)	1602842992087	1602843001656	KO	status.find.in(200,201,202,203,204,205,206,207,208,209,304), found 404
REQUEST	19		/40x.html (GET)	1602842993236	1602843001889	KO	status.find.in(200,201,202,203,204,205,206,207,208,209,304), found 404
REQUEST	29		/ (GET)	1602842992308	1602843002133	OK	 
REQUEST	32		/40x.html (GET)	1602842994067	1602843002336	KO	status.find.in(200,201,202,203,204,205,206,207,208,209,304), found 404
REQUEST	15		/40x.html (GET)	1602842993394	1602843002529	KO	status.find.in(200,201,202,203,204,205,206,207,208,209,304), found 404
REQUEST	30		/ (GET)	1602842992866	1602843002538	OK	 
REQUEST	16		/40x.html (GET)	1602842993551	1602843002555	KO	status.find.in(200,201,202,203,204,205,206,207,208,209,304), found 404
REQUEST	8		/40x.html (GET)	1602842994144	1602843002711	KO	status.find.in(200,201,202,203,204,205,206,207,208,209,304), found 404
REQUEST	31		/40x.html (GET)	1602842994488	1602843003007	KO	status.find.in(200,201,202,203,204,205,206,207,208,209,304), found 404
REQUEST	7		/40x.html (GET)	1602842995066	1602843003903	KO	status.find.in(200,201,202,203,204,205,206,207,208,209,304), found 404
REQUEST	18		/40x.html (GET)	1602842995299	1602843004109	KO	status.find.in(200,201,202,203,204,205,206,207,208,209,304), found 404
REQUEST	12		/40x.html (GET)	1602842996101	1602843004322	KO	status.find.in(200,201,202,203,204,205,206,207,208,209,304), found 404
REQUEST	9		/40x.html (GET)	1602842996118	1602843004332	KO	status.find.in(200,201,202,203,204,205,206,207,208,209,304), found 404
REQUEST	17		/40x.html (GET)	1602842996256	1602843004768	KO	status.find.in(200,201,202,203,204,205,206,207,208,209,304), found 404
REQUEST	23		/ (GET)	1602842994564	1602843004808	OK	 
REQUEST	11		/40x.html (GET)	1602842996741	1602843005107	KO	status.find.in(200,201,202,203,204,205,206,207,208,209,304), found 404
REQUEST	34		/40x.html (GET)	1602842996909	1602843005128	KO	status.find.in(200,201,202,203,204,205,206,207,208,209,304), found 404
REQUEST	33		/40x.html (GET)	1602842996496	1602843005132	KO	status.find.in(200,201,202,203,204,205,206,207,208,209,304), found 404
REQUEST	13		/40x.html (GET)	1602842996916	1602843005329	KO	status.find.in(200,201,202,203,204,205,206,207,208,209,304), found 404
REQUEST	14		/40x.html (GET)	1602842998061	1602843005957	KO	status.find.in(200,201,202,203,204,205,206,207,208,209,304), found 404
REQUEST	10		/40x.html (GET)	1602842998257	1602843006267	KO	status.find.in(200,201,202,203,204,205,206,207,208,209,304), found 404
REQUEST	24		/ (GET)	1602842997309	1602843006665	OK	 
REQUEST	26		/ (GET)	1602842997502	1602843007153	OK	 
REQUEST	25		/ (GET)	1602842997380	1602843007155	OK	 
REQUEST	2		/40x.html (GET)	1602842999540	1602843007188	KO	status.find.in(200,201,202,203,204,205,206,207,208,209,304), found 404
REQUEST	35		/ (GET)	1602842998527	1602843007347	OK	 
REQUEST	6		/40x.html (GET)	1602842999364	1602843007504	KO	status.find.in(200,201,202,203,204,205,206,207,208,209,304), found 404
REQUEST	37		/ (GET)	1602842998354	1602843007660	OK	 
REQUEST	5		/40x.html (GET)	1602843000059	1602843007930	KO	status.find.in(200,201,202,203,204,205,206,207,208,209,304), found 404
REQUEST	38		/ (GET)	1602842998917	1602843008090	OK	 
REQUEST	27		/40x.html (GET)	1602843000116	1602843008891	KO	status.find.in(200,201,202,203,204,205,206,207,208,209,304), found 404
REQUEST	36		/ (GET)	1602842999682	1602843008923	OK	 
REQUEST	1		/ (GET)	1602843000280	1602843009293	OK	 
REQUEST	28		/40x.html (GET)	1602843001487	1602843009308	KO	status.find.in(200,201,202,203,204,205,206,207,208,209,304), found 404
REQUEST	3		/ (GET)	1602843000479	1602843010102	OK	 
REQUEST	4		/ (GET)	1602843001539	1602843010137	OK	 
REQUEST	21		/ (GET)	1602843001105	1602843010278	OK	 
REQUEST	20		/ (GET)	1602843000310	1602843010353	OK	 
REQUEST	29		/40x.html (GET)	1602843002133	1602843010517	KO	status.find.in(200,201,202,203,204,205,206,207,208,209,304), found 404
REQUEST	22		/ (GET)	1602843001657	1602843010914	OK	 
REQUEST	30		/40x.html (GET)	1602843002538	1602843010956	KO	status.find.in(200,201,202,203,204,205,206,207,208,209,304), found 404
REQUEST	32		/ (GET)	1602843002336	1602843012066	OK	 
REQUEST	15		/ (GET)	1602843002529	1602843012266	OK	 
REQUEST	19		/ (GET)	1602843001889	1602843012289	OK	 
REQUEST	16		/ (GET)	1602843002556	1602843012372	OK	 
REQUEST	8		/ (GET)	1602843002711	1602843012507	OK	 
REQUEST	31		/ (GET)	1602843003007	1602843012945	OK	 
REQUEST	12		/ (GET)	1602843004322	1602843013097	OK	 
REQUEST	18		/ (GET)	1602843004109	1602843013331	OK	 
REQUEST	7		/ (GET)	1602843003903	1602843013386	OK	 
REQUEST	9		/ (GET)	1602843004332	1602843013750	OK	 
REQUEST	23		/40x.html (GET)	1602843004809	1602843013787	KO	status.find.in(200,201,202,203,204,205,206,207,208,209,304), found 404
REQUEST	17		/ (GET)	1602843004768	1602843013957	OK	 
REQUEST	11		/ (GET)	1602843005107	1602843014288	OK	 
REQUEST	24		/40x.html (GET)	1602843006666	1602843014925	KO	status.find.in(200,201,202,203,204,205,206,207,208,209,304), found 404
REQUEST	33		/ (GET)	1602843005185	1602843015060	OK	 
REQUEST	34		/ (GET)	1602843005128	1602843015066	OK	 
REQUEST	26		/40x.html (GET)	1602843007153	1602843015456	KO	status.find.in(200,201,202,203,204,205,206,207,208,209,304), found 404
REQUEST	10		/ (GET)	1602843006268	1602843015684	OK	 
REQUEST	13		/ (GET)	1602843005329	1602843015714	OK	 
REQUEST	25		/40x.html (GET)	1602843007155	1602843016281	KO	status.find.in(200,201,202,203,204,205,206,207,208,209,304), found 404
REQUEST	14		/ (GET)	1602843005958	1602843016366	OK	 
REQUEST	37		/40x.html (GET)	1602843007661	1602843016462	KO	status.find.in(200,201,202,203,204,205,206,207,208,209,304), found 404
REQUEST	35		/40x.html (GET)	1602843007347	1602843016668	KO	status.find.in(200,201,202,203,204,205,206,207,208,209,304), found 404
REQUEST	38		/40x.html (GET)	1602843008090	1602843017095	KO	status.find.in(200,201,202,203,204,205,206,207,208,209,304), found 404
REQUEST	2		/ (GET)	1602843007188	1602843017102	OK	 
REQUEST	6		/ (GET)	1602843007505	1602843017351	OK	 
REQUEST	36		/40x.html (GET)	1602843008923	1602843017381	KO	status.find.in(200,201,202,203,204,205,206,207,208,209,304), found 404
REQUEST	1		/40x.html (GET)	1602843009293	1602843017469	KO	status.find.in(200,201,202,203,204,205,206,207,208,209,304), found 404
REQUEST	3		/40x.html (GET)	1602843010102	1602843017769	KO	status.find.in(200,201,202,203,204,205,206,207,208,209,304), found 404
REQUEST	5		/ (GET)	1602843007931	1602843017908	OK	 
REQUEST	4		/40x.html (GET)	1602843010137	1602843018295	KO	status.find.in(200,201,202,203,204,205,206,207,208,209,304), found 404
REQUEST	28		/ (GET)	1602843009308	1602843018752	OK	 
REQUEST	21		/40x.html (GET)	1602843010278	1602843018877	KO	status.find.in(200,201,202,203,204,205,206,207,208,209,304), found 404
REQUEST	20		/40x.html (GET)	1602843010353	1602843018926	KO	status.find.in(200,201,202,203,204,205,206,207,208,209,304), found 404
REQUEST	27		/ (GET)	1602843008892	1602843019280	OK	 
REQUEST	22		/40x.html (GET)	1602843010914	1602843019549	KO	status.find.in(200,201,202,203,204,205,206,207,208,209,304), found 404
REQUEST	29		/ (GET)	1602843010518	1602843019701	OK	 
REQUEST	32		/40x.html (GET)	1602843012066	1602843019766	KO	status.find.in(200,201,202,203,204,205,206,207,208,209,304), found 404
REQUEST	19		/40x.html (GET)	1602843012289	1602843020289	KO	status.find.in(200,201,202,203,204,205,206,207,208,209,304), found 404
REQUEST	16		/40x.html (GET)	1602843012372	1602843020322	KO	status.find.in(200,201,202,203,204,205,206,207,208,209,304), found 404
REQUEST	15		/40x.html (GET)	1602843012266	1602843020344	KO	status.find.in(200,201,202,203,204,205,206,207,208,209,304), found 404
REQUEST	30		/ (GET)	1602843010957	1602843020557	OK	 
REQUEST	8		/40x.html (GET)	1602843012508	1602843020673	KO	status.find.in(200,201,202,203,204,205,206,207,208,209,304), found 404
REQUEST	31		/40x.html (GET)	1602843012946	1602843020881	KO	status.find.in(200,201,202,203,204,205,206,207,208,209,304), found 404
REQUEST	12		/40x.html (GET)	1602843013097	1602843020884	KO	status.find.in(200,201,202,203,204,205,206,207,208,209,304), found 404
REQUEST	18		/40x.html (GET)	1602843013332	1602843021128	KO	status.find.in(200,201,202,203,204,205,206,207,208,209,304), found 404
REQUEST	9		/40x.html (GET)	1602843013750	1602843021472	KO	status.find.in(200,201,202,203,204,205,206,207,208,209,304), found 404
REQUEST	7		/40x.html (GET)	1602843013386	1602843021567	KO	status.find.in(200,201,202,203,204,205,206,207,208,209,304), found 404
REQUEST	17		/40x.html (GET)	1602843013957	1602843021887	KO	status.find.in(200,201,202,203,204,205,206,207,208,209,304), found 404
REQUEST	11		/40x.html (GET)	1602843014289	1602843022183	KO	status.find.in(200,201,202,203,204,205,206,207,208,209,304), found 404
REQUEST	33		/40x.html (GET)	1602843015060	1602843022750	KO	status.find.in(200,201,202,203,204,205,206,207,208,209,304), found 404
REQUEST	34		/40x.html (GET)	1602843015066	1602843022904	KO	status.find.in(200,201,202,203,204,205,206,207,208,209,304), found 404
REQUEST	23		/ (GET)	1602843013787	1602843023059	OK	 
REQUEST	10		/40x.html (GET)	1602843015684	1602843023315	KO	status.find.in(200,201,202,203,204,205,206,207,208,209,304), found 404
REQUEST	13		/40x.html (GET)	1602843015714	1602843023749	KO	status.find.in(200,201,202,203,204,205,206,207,208,209,304), found 404
REQUEST	24		/ (GET)	1602843014926	1602843023775	OK	 
REQUEST	14		/40x.html (GET)	1602843016366	1602843024288	KO	status.find.in(200,201,202,203,204,205,206,207,208,209,304), found 404
REQUEST	26		/ (GET)	1602843015457	1602843024460	OK	 
REQUEST	2		/40x.html (GET)	1602843017102	1602843024672	KO	status.find.in(200,201,202,203,204,205,206,207,208,209,304), found 404
REQUEST	6		/40x.html (GET)	1602843017351	1602843024726	KO	status.find.in(200,201,202,203,204,205,206,207,208,209,304), found 404
REQUEST	37		/ (GET)	1602843016463	1602843025267	OK	 
REQUEST	25		/ (GET)	1602843016282	1602843025316	OK	 
REQUEST	35		/ (GET)	1602843016668	1602843025325	OK	 
REQUEST	36		/ (GET)	1602843017381	1602843025892	OK	 
REQUEST	5		/40x.html (GET)	1602843017908	1602843025900	KO	status.find.in(200,201,202,203,204,205,206,207,208,209,304), found 404
REQUEST	38		/ (GET)	1602843017096	1602843026062	OK	 
REQUEST	1		/ (GET)	1602843017469	1602843026115	OK	 
REQUEST	28		/40x.html (GET)	1602843018752	1602843026152	KO	status.find.in(200,201,202,203,204,205,206,207,208,209,304), found 404
REQUEST	3		/ (GET)	1602843017770	1602843026665	OK	 
REQUEST	27		/40x.html (GET)	1602843019281	1602843027132	KO	status.find.in(200,201,202,203,204,205,206,207,208,209,304), found 404
REQUEST	4		/ (GET)	1602843018296	1602843027285	OK	 
REQUEST	20		/ (GET)	1602843018926	1602843027798	OK	 
REQUEST	21		/ (GET)	1602843018878	1602843027801	OK	 
REQUEST	22		/ (GET)	1602843019549	1602843028568	OK	 
REQUEST	29		/40x.html (GET)	1602843019702	1602843028659	KO	status.find.in(200,201,202,203,204,205,206,207,208,209,304), found 404
REQUEST	32		/ (GET)	1602843019766	1602843028886	OK	 
REQUEST	16		/ (GET)	1602843020322	1602843029497	OK	 
REQUEST	30		/40x.html (GET)	1602843020557	1602843029530	KO	status.find.in(200,201,202,203,204,205,206,207,208,209,304), found 404
REQUEST	19		/ (GET)	1602843020289	1602843029568	OK	 
REQUEST	15		/ (GET)	1602843020345	1602843029690	OK	 
REQUEST	12		/ (GET)	1602843020885	1602843030127	OK	 
REQUEST	31		/ (GET)	1602843020882	1602843030150	OK	 
REQUEST	8		/ (GET)	1602843020674	1602843030697	OK	 
REQUEST	18		/ (GET)	1602843021128	1602843030939	OK	 
REQUEST	11		/ (GET)	1602843022184	1602843031075	OK	 
REQUEST	9		/ (GET)	1602843021472	1602843031084	OK	 
REQUEST	17		/ (GET)	1602843021888	1602843031121	OK	 
REQUEST	23		/40x.html (GET)	1602843023059	1602843031315	KO	status.find.in(200,201,202,203,204,205,206,207,208,209,304), found 404
REQUEST	7		/ (GET)	1602843021567	1602843031469	OK	 
REQUEST	33		/ (GET)	1602843022750	1602843031502	OK	 
REQUEST	24		/40x.html (GET)	1602843023775	1602843032698	KO	status.find.in(200,201,202,203,204,205,206,207,208,209,304), found 404
REQUEST	34		/ (GET)	1602843022905	1602843032708	OK	 
REQUEST	10		/ (GET)	1602843023315	1602843032985	OK	 
REQUEST	26		/40x.html (GET)	1602843024461	1602843033214	KO	status.find.in(200,201,202,203,204,205,206,207,208,209,304), found 404
REQUEST	13		/ (GET)	1602843023750	1602843033537	OK	 
REQUEST	37		/40x.html (GET)	1602843025267	1602843033599	KO	status.find.in(200,201,202,203,204,205,206,207,208,209,304), found 404
REQUEST	14		/ (GET)	1602843024289	1602843033627	OK	 
REQUEST	36		/40x.html (GET)	1602843025892	1602843034088	KO	status.find.in(200,201,202,203,204,205,206,207,208,209,304), found 404
REQUEST	25		/40x.html (GET)	1602843025316	1602843034164	KO	status.find.in(200,201,202,203,204,205,206,207,208,209,304), found 404
REQUEST	35		/40x.html (GET)	1602843025325	1602843034232	KO	status.find.in(200,201,202,203,204,205,206,207,208,209,304), found 404
REQUEST	6		/ (GET)	1602843024727	1602843034569	OK	 
REQUEST	2		/ (GET)	1602843024673	1602843035148	OK	 
REQUEST	1		/40x.html (GET)	1602843026115	1602843035177	KO	status.find.in(200,201,202,203,204,205,206,207,208,209,304), found 404
REQUEST	3		/40x.html (GET)	1602843026666	1602843035377	KO	status.find.in(200,201,202,203,204,205,206,207,208,209,304), found 404
REQUEST	20		/40x.html (GET)	1602843027798	1602843035711	KO	status.find.in(200,201,202,203,204,205,206,207,208,209,304), found 404
REQUEST	38		/40x.html (GET)	1602843026063	1602843035770	KO	status.find.in(200,201,202,203,204,205,206,207,208,209,304), found 404
REQUEST	4		/40x.html (GET)	1602843027286	1602843036173	KO	status.find.in(200,201,202,203,204,205,206,207,208,209,304), found 404
REQUEST	5		/ (GET)	1602843025900	1602843036545	OK	 
REQUEST	28		/ (GET)	1602843026175	1602843036749	OK	 
REQUEST	22		/40x.html (GET)	1602843028569	1602843037123	KO	status.find.in(200,201,202,203,204,205,206,207,208,209,304), found 404
REQUEST	27		/ (GET)	1602843027132	1602843037305	OK	 
REQUEST	21		/40x.html (GET)	1602843027802	1602843037671	KO	status.find.in(200,201,202,203,204,205,206,207,208,209,304), found 404
REQUEST	16		/40x.html (GET)	1602843029498	1602843037698	KO	status.find.in(200,201,202,203,204,205,206,207,208,209,304), found 404
REQUEST	32		/40x.html (GET)	1602843028887	1602843037705	KO	status.find.in(200,201,202,203,204,205,206,207,208,209,304), found 404
REQUEST	19		/40x.html (GET)	1602843029569	1602843037748	KO	status.find.in(200,201,202,203,204,205,206,207,208,209,304), found 404
REQUEST	12		/40x.html (GET)	1602843030127	1602843038119	KO	status.find.in(200,201,202,203,204,205,206,207,208,209,304), found 404
REQUEST	15		/40x.html (GET)	1602843029690	1602843038287	KO	status.find.in(200,201,202,203,204,205,206,207,208,209,304), found 404
REQUEST	29		/ (GET)	1602843028659	1602843038488	OK	 
REQUEST	31		/40x.html (GET)	1602843030150	1602843038515	KO	status.find.in(200,201,202,203,204,205,206,207,208,209,304), found 404
REQUEST	8		/40x.html (GET)	1602843030697	1602843038702	KO	status.find.in(200,201,202,203,204,205,206,207,208,209,304), found 404
REQUEST	30		/ (GET)	1602843029530	1602843039081	OK	 
REQUEST	18		/40x.html (GET)	1602843030939	1602843039198	KO	status.find.in(200,201,202,203,204,205,206,207,208,209,304), found 404
REQUEST	11		/40x.html (GET)	1602843031075	1602843039336	KO	status.find.in(200,201,202,203,204,205,206,207,208,209,304), found 404
REQUEST	17		/40x.html (GET)	1602843031175	1602843039504	KO	status.find.in(200,201,202,203,204,205,206,207,208,209,304), found 404
REQUEST	9		/40x.html (GET)	1602843031084	1602843039711	KO	status.find.in(200,201,202,203,204,205,206,207,208,209,304), found 404
REQUEST	7		/40x.html (GET)	1602843031469	1602843040814	KO	status.find.in(200,201,202,203,204,205,206,207,208,209,304), found 404
REQUEST	33		/40x.html (GET)	1602843031502	1602843041058	KO	status.find.in(200,201,202,203,204,205,206,207,208,209,304), found 404
REQUEST	23		/ (GET)	1602843031316	1602843041138	OK	 
REQUEST	34		/40x.html (GET)	1602843032709	1602843041257	KO	status.find.in(200,201,202,203,204,205,206,207,208,209,304), found 404
REQUEST	14		/40x.html (GET)	1602843033627	1602843041726	KO	status.find.in(200,201,202,203,204,205,206,207,208,209,304), found 404
REQUEST	10		/40x.html (GET)	1602843032985	1602843042083	KO	status.find.in(200,201,202,203,204,205,206,207,208,209,304), found 404
REQUEST	24		/ (GET)	1602843032698	1602843042289	OK	 
REQUEST	6		/40x.html (GET)	1602843034569	1602843042511	KO	status.find.in(200,201,202,203,204,205,206,207,208,209,304), found 404
REQUEST	13		/40x.html (GET)	1602843033538	1602843042746	KO	status.find.in(200,201,202,203,204,205,206,207,208,209,304), found 404
REQUEST	2		/40x.html (GET)	1602843035148	1602843042904	KO	status.find.in(200,201,202,203,204,205,206,207,208,209,304), found 404
REQUEST	37		/ (GET)	1602843033600	1602843042996	OK	 
REQUEST	36		/ (GET)	1602843034089	1602843043388	OK	 
REQUEST	26		/ (GET)	1602843033214	1602843043419	OK	 
REQUEST	25		/ (GET)	1602843034164	1602843043502	OK	 
REQUEST	35		/ (GET)	1602843034233	1602843043601	OK	 
REQUEST	3		/ (GET)	1602843035378	1602843044195	OK	 
REQUEST	1		/ (GET)	1602843035177	1602843044887	OK	 
REQUEST	5		/40x.html (GET)	1602843036545	1602843044994	KO	status.find.in(200,201,202,203,204,205,206,207,208,209,304), found 404
REQUEST	4		/ (GET)	1602843036173	1602843045020	OK	 
REQUEST	38		/ (GET)	1602843035770	1602843045124	OK	 
REQUEST	27		/40x.html (GET)	1602843037306	1602843045624	KO	status.find.in(200,201,202,203,204,205,206,207,208,209,304), found 404
REQUEST	20		/ (GET)	1602843035711	1602843045684	OK	 
REQUEST	28		/40x.html (GET)	1602843036750	1602843045807	KO	status.find.in(200,201,202,203,204,205,206,207,208,209,304), found 404
REQUEST	22		/ (GET)	1602843037123	1602843046954	OK	 
REQUEST	21		/ (GET)	1602843037671	1602843047339	OK	 
REQUEST	32		/ (GET)	1602843037705	1602843047343	OK	 
REQUEST	16		/ (GET)	1602843037699	1602843047347	OK	 
REQUEST	30		/40x.html (GET)	1602843039081	1602843047578	KO	status.find.in(200,201,202,203,204,205,206,207,208,209,304), found 404
REQUEST	19		/ (GET)	1602843037748	1602843047671	OK	 
REQUEST	29		/40x.html (GET)	1602843038489	1602843047693	KO	status.find.in(200,201,202,203,204,205,206,207,208,209,304), found 404
REQUEST	12		/ (GET)	1602843038120	1602843048356	OK	 
REQUEST	15		/ (GET)	1602843038287	1602843048362	OK	 
REQUEST	8		/ (GET)	1602843038703	1602843048369	OK	 
REQUEST	18		/ (GET)	1602843039199	1602843049090	OK	 
REQUEST	11		/ (GET)	1602843039336	1602843049283	OK	 
REQUEST	31		/ (GET)	1602843038516	1602843049568	OK	 
REQUEST	17		/ (GET)	1602843039504	1602843049968	OK	 
REQUEST	9		/ (GET)	1602843039711	1602843050081	OK	 
REQUEST	33		/ (GET)	1602843041058	1602843050092	OK	 
REQUEST	23		/40x.html (GET)	1602843041138	1602843050123	KO	status.find.in(200,201,202,203,204,205,206,207,208,209,304), found 404
REQUEST	7		/ (GET)	1602843040814	1602843050339	OK	 
REQUEST	34		/ (GET)	1602843041257	1602843050547	OK	 
REQUEST	14		/ (GET)	1602843041726	1602843050851	OK	 
REQUEST	36		/40x.html (GET)	1602843043389	1602843051507	KO	status.find.in(200,201,202,203,204,205,206,207,208,209,304), found 404
REQUEST	37		/40x.html (GET)	1602843042996	1602843051669	KO	status.find.in(200,201,202,203,204,205,206,207,208,209,304), found 404
REQUEST	24		/40x.html (GET)	1602843042289	1602843051707	KO	status.find.in(200,201,202,203,204,205,206,207,208,209,304), found 404
REQUEST	10		/ (GET)	1602843042084	1602843052282	OK	 
REQUEST	25		/40x.html (GET)	1602843043502	1602843052326	KO	status.find.in(200,201,202,203,204,205,206,207,208,209,304), found 404
REQUEST	6		/ (GET)	1602843042512	1602843052516	OK	 
REQUEST	26		/40x.html (GET)	1602843043419	1602843052697	KO	status.find.in(200,201,202,203,204,205,206,207,208,209,304), found 404
REQUEST	35		/40x.html (GET)	1602843043601	1602843052739	KO	status.find.in(200,201,202,203,204,205,206,207,208,209,304), found 404
REQUEST	13		/ (GET)	1602843042746	1602843053205	OK	 
REQUEST	3		/40x.html (GET)	1602843044195	1602843053398	KO	status.find.in(200,201,202,203,204,205,206,207,208,209,304), found 404
REQUEST	2		/ (GET)	1602843042904	1602843053726	OK	 
REQUEST	1		/40x.html (GET)	1602843044887	1602843053759	KO	status.find.in(200,201,202,203,204,205,206,207,208,209,304), found 404
REQUEST	38		/40x.html (GET)	1602843045152	1602843053944	KO	status.find.in(200,201,202,203,204,205,206,207,208,209,304), found 404
REQUEST	4		/40x.html (GET)	1602843045062	1602843054181	KO	status.find.in(200,201,202,203,204,205,206,207,208,209,304), found 404
REQUEST	20		/40x.html (GET)	1602843045684	1602843054219	KO	status.find.in(200,201,202,203,204,205,206,207,208,209,304), found 404
REQUEST	22		/40x.html (GET)	1602843046954	1602843054711	KO	status.find.in(200,201,202,203,204,205,206,207,208,209,304), found 404
REQUEST	21		/40x.html (GET)	1602843047339	1602843054938	KO	status.find.in(200,201,202,203,204,205,206,207,208,209,304), found 404
REQUEST	5		/ (GET)	1602843044995	1602843055005	OK	 
REQUEST	27		/ (GET)	1602843045625	1602843055123	OK	 
REQUEST	28		/ (GET)	1602843045807	1602843055598	OK	 
REQUEST	32		/40x.html (GET)	1602843047344	1602843055732	KO	status.find.in(200,201,202,203,204,205,206,207,208,209,304), found 404
REQUEST	19		/40x.html (GET)	1602843047671	1602843056284	KO	status.find.in(200,201,202,203,204,205,206,207,208,209,304), found 404
REQUEST	16		/40x.html (GET)	1602843047348	1602843056543	KO	status.find.in(200,201,202,203,204,205,206,207,208,209,304), found 404
REQUEST	15		/40x.html (GET)	1602843048362	1602843056558	KO	status.find.in(200,201,202,203,204,205,206,207,208,209,304), found 404
REQUEST	30		/ (GET)	1602843047578	1602843056891	OK	 
REQUEST	8		/40x.html (GET)	1602843048370	1602843057275	KO	status.find.in(200,201,202,203,204,205,206,207,208,209,304), found 404
REQUEST	11		/40x.html (GET)	1602843049284	1602843057466	KO	status.find.in(200,201,202,203,204,205,206,207,208,209,304), found 404
REQUEST	18		/40x.html (GET)	1602843049090	1602843057546	KO	status.find.in(200,201,202,203,204,205,206,207,208,209,304), found 404
REQUEST	31		/40x.html (GET)	1602843049568	1602843057708	KO	status.find.in(200,201,202,203,204,205,206,207,208,209,304), found 404
REQUEST	29		/ (GET)	1602843047693	1602843057732	OK	 
REQUEST	9		/40x.html (GET)	1602843050082	1602843058087	KO	status.find.in(200,201,202,203,204,205,206,207,208,209,304), found 404
REQUEST	12		/40x.html (GET)	1602843048356	1602843058135	KO	status.find.in(200,201,202,203,204,205,206,207,208,209,304), found 404
REQUEST	33		/40x.html (GET)	1602843050157	1602843058149	KO	status.find.in(200,201,202,203,204,205,206,207,208,209,304), found 404
REQUEST	17		/40x.html (GET)	1602843049968	1602843058197	KO	status.find.in(200,201,202,203,204,205,206,207,208,209,304), found 404
REQUEST	7		/40x.html (GET)	1602843050339	1602843058698	KO	status.find.in(200,201,202,203,204,205,206,207,208,209,304), found 404
REQUEST	34		/40x.html (GET)	1602843050547	1602843058892	KO	status.find.in(200,201,202,203,204,205,206,207,208,209,304), found 404
REQUEST	14		/40x.html (GET)	1602843050851	1602843058918	KO	status.find.in(200,201,202,203,204,205,206,207,208,209,304), found 404
REQUEST	23		/ (GET)	1602843050242	1602843059301	OK	 
REQUEST	36		/ (GET)	1602843051508	1602843060357	OK	 
REQUEST	10		/40x.html (GET)	1602843052282	1602843060540	KO	status.find.in(200,201,202,203,204,205,206,207,208,209,304), found 404
REQUEST	6		/40x.html (GET)	1602843052516	1602843060949	KO	status.find.in(200,201,202,203,204,205,206,207,208,209,304), found 404
REQUEST	24		/ (GET)	1602843051708	1602843060983	OK	 
REQUEST	37		/ (GET)	1602843051669	1602843061136	OK	 
REQUEST	13		/40x.html (GET)	1602843053206	1602843061460	KO	status.find.in(200,201,202,203,204,205,206,207,208,209,304), found 404
REQUEST	2		/40x.html (GET)	1602843053727	1602843061742	KO	status.find.in(200,201,202,203,204,205,206,207,208,209,304), found 404
REQUEST	26		/ (GET)	1602843052698	1602843061926	OK	 
REQUEST	25		/ (GET)	1602843052326	1602843061948	OK	 
REQUEST	1		/ (GET)	1602843053759	1602843062554	OK	 
REQUEST	35		/ (GET)	1602843052740	1602843062684	OK	 
REQUEST	27		/40x.html (GET)	1602843055123	1602843062752	KO	status.find.in(200,201,202,203,204,205,206,207,208,209,304), found 404
REQUEST	5		/40x.html (GET)	1602843055005	1602843062769	KO	status.find.in(200,201,202,203,204,205,206,207,208,209,304), found 404
REQUEST	3		/ (GET)	1602843053398	1602843062775	OK	 
REQUEST	22		/ (GET)	1602843054711	1602843063136	OK	 
REQUEST	38		/ (GET)	1602843053944	1602843063311	OK	 
REQUEST	28		/40x.html (GET)	1602843055599	1602843063536	KO	status.find.in(200,201,202,203,204,205,206,207,208,209,304), found 404
REQUEST	20		/ (GET)	1602843054219	1602843063551	OK	 
REQUEST	4		/ (GET)	1602843054181	1602843063765	OK	 
REQUEST	21		/ (GET)	1602843054938	1602843063914	OK	 
REQUEST	32		/ (GET)	1602843055732	1602843065162	OK	 
REQUEST	30		/40x.html (GET)	1602843056891	1602843065301	KO	status.find.in(200,201,202,203,204,205,206,207,208,209,304), found 404
REQUEST	19		/ (GET)	1602843056284	1602843066503	OK	 
REQUEST	15		/ (GET)	1602843056559	1602843066748	OK	 
REQUEST	16		/ (GET)	1602843056543	1602843066867	OK	 
REQUEST	8		/ (GET)	1602843057275	1602843067168	OK	 
REQUEST	31		/ (GET)	1602843057708	1602843067254	OK	 
REQUEST	29		/40x.html (GET)	1602843057733	1602843067278	KO	status.find.in(200,201,202,203,204,205,206,207,208,209,304), found 404
REQUEST	18		/ (GET)	1602843057547	1602843067458	OK	 
REQUEST	11		/ (GET)	1602843057467	1602843067474	OK	 
REQUEST	23		/40x.html (GET)	1602843059301	1602843067679	KO	status.find.in(200,201,202,203,204,205,206,207,208,209,304), found 404
REQUEST	33		/ (GET)	1602843058149	1602843067935	OK	 
REQUEST	12		/ (GET)	1602843058135	1602843068117	OK	 
REQUEST	17		/ (GET)	1602843058197	1602843068362	OK	 
REQUEST	36		/40x.html (GET)	1602843060358	1602843068473	KO	status.find.in(200,201,202,203,204,205,206,207,208,209,304), found 404
REQUEST	34		/ (GET)	1602843058892	1602843068877	OK	 
REQUEST	7		/ (GET)	1602843058699	1602843068955	OK	 
REQUEST	14		/ (GET)	1602843058918	1602843068979	OK	 
REQUEST	10		/ (GET)	1602843060540	1602843069098	OK	 
REQUEST	9		/ (GET)	1602843058087	1602843069168	OK	 
REQUEST	24		/40x.html (GET)	1602843060983	1602843069307	KO	status.find.in(200,201,202,203,204,205,206,207,208,209,304), found 404
REQUEST	6		/ (GET)	1602843060949	1602843070082	OK	 
REQUEST	37		/40x.html (GET)	1602843061136	1602843070869	KO	status.find.in(200,201,202,203,204,205,206,207,208,209,304), found 404
REQUEST	25		/40x.html (GET)	1602843061948	1602843070908	KO	status.find.in(200,201,202,203,204,205,206,207,208,209,304), found 404
REQUEST	26		/40x.html (GET)	1602843061926	1602843070973	KO	status.find.in(200,201,202,203,204,205,206,207,208,209,304), found 404
REQUEST	1		/40x.html (GET)	1602843062555	1602843071151	KO	status.find.in(200,201,202,203,204,205,206,207,208,209,304), found 404
REQUEST	35		/40x.html (GET)	1602843062684	1602843071161	KO	status.find.in(200,201,202,203,204,205,206,207,208,209,304), found 404
REQUEST	13		/ (GET)	1602843061460	1602843071692	OK	 
REQUEST	2		/ (GET)	1602843061742	1602843071865	OK	 
REQUEST	3		/40x.html (GET)	1602843062776	1602843071936	KO	status.find.in(200,201,202,203,204,205,206,207,208,209,304), found 404
REQUEST	27		/ (GET)	1602843062752	1602843072284	OK	 
REQUEST	20		/40x.html (GET)	1602843063551	1602843072726	KO	status.find.in(200,201,202,203,204,205,206,207,208,209,304), found 404
REQUEST	22		/40x.html (GET)	1602843063136	1602843072739	KO	status.find.in(200,201,202,203,204,205,206,207,208,209,304), found 404
REQUEST	38		/40x.html (GET)	1602843063312	1602843072748	KO	status.find.in(200,201,202,203,204,205,206,207,208,209,304), found 404
REQUEST	4		/40x.html (GET)	1602843063765	1602843072751	KO	status.find.in(200,201,202,203,204,205,206,207,208,209,304), found 404
REQUEST	5		/ (GET)	1602843062770	1602843072946	OK	 
REQUEST	21		/40x.html (GET)	1602843063915	1602843073016	KO	status.find.in(200,201,202,203,204,205,206,207,208,209,304), found 404
REQUEST	32		/40x.html (GET)	1602843065163	1602843073065	KO	status.find.in(200,201,202,203,204,205,206,207,208,209,304), found 404
REQUEST	19		/40x.html (GET)	1602843066504	1602843073117	KO	status.find.in(200,201,202,203,204,205,206,207,208,209,304), found 404
REQUEST	28		/ (GET)	1602843063537	1602843073284	OK	 
REQUEST	30		/ (GET)	1602843065301	1602843073955	OK	 
REQUEST	15		/40x.html (GET)	1602843066748	1602843074542	KO	status.find.in(200,201,202,203,204,205,206,207,208,209,304), found 404
REQUEST	8		/40x.html (GET)	1602843067169	1602843074777	KO	status.find.in(200,201,202,203,204,205,206,207,208,209,304), found 404
REQUEST	18		/40x.html (GET)	1602843067458	1602843075078	KO	status.find.in(200,201,202,203,204,205,206,207,208,209,304), found 404
REQUEST	31		/40x.html (GET)	1602843067254	1602843075157	KO	status.find.in(200,201,202,203,204,205,206,207,208,209,304), found 404
REQUEST	16		/40x.html (GET)	1602843066867	1602843075268	KO	status.find.in(200,201,202,203,204,205,206,207,208,209,304), found 404
REQUEST	11		/40x.html (GET)	1602843067474	1602843076131	KO	status.find.in(200,201,202,203,204,205,206,207,208,209,304), found 404
REQUEST	33		/40x.html (GET)	1602843067935	1602843076287	KO	status.find.in(200,201,202,203,204,205,206,207,208,209,304), found 404
REQUEST	12		/40x.html (GET)	1602843068117	1602843076361	KO	status.find.in(200,201,202,203,204,205,206,207,208,209,304), found 404
REQUEST	34		/40x.html (GET)	1602843068877	1602843076697	KO	status.find.in(200,201,202,203,204,205,206,207,208,209,304), found 404
REQUEST	17		/40x.html (GET)	1602843068362	1602843076755	KO	status.find.in(200,201,202,203,204,205,206,207,208,209,304), found 404
REQUEST	23		/ (GET)	1602843067679	1602843076903	OK	 
REQUEST	14		/40x.html (GET)	1602843069054	1602843076916	KO	status.find.in(200,201,202,203,204,205,206,207,208,209,304), found 404
REQUEST	29		/ (GET)	1602843067278	1602843076940	OK	 
REQUEST	7		/40x.html (GET)	1602843068956	1602843077097	KO	status.find.in(200,201,202,203,204,205,206,207,208,209,304), found 404
REQUEST	9		/40x.html (GET)	1602843069225	1602843077111	KO	status.find.in(200,201,202,203,204,205,206,207,208,209,304), found 404
REQUEST	10		/40x.html (GET)	1602843069135	1602843077135	KO	status.find.in(200,201,202,203,204,205,206,207,208,209,304), found 404
REQUEST	6		/40x.html (GET)	1602843070082	1602843077391	KO	status.find.in(200,201,202,203,204,205,206,207,208,209,304), found 404
REQUEST	36		/ (GET)	1602843068474	1602843078088	OK	 
REQUEST	24		/ (GET)	1602843069307	1602843078454	OK	 
REQUEST	37		/ (GET)	1602843070869	1602843079207	OK	 
REQUEST	13		/40x.html (GET)	1602843071692	1602843079327	KO	status.find.in(200,201,202,203,204,205,206,207,208,209,304), found 404
REQUEST	25		/ (GET)	1602843070908	1602843079735	OK	 
REQUEST	26		/ (GET)	1602843070973	1602843080076	OK	 
REQUEST	2		/40x.html (GET)	1602843071866	1602843080162	KO	status.find.in(200,201,202,203,204,205,206,207,208,209,304), found 404
REQUEST	27		/40x.html (GET)	1602843072285	1602843080747	KO	status.find.in(200,201,202,203,204,205,206,207,208,209,304), found 404
REQUEST	1		/ (GET)	1602843071151	1602843080760	OK	 
REQUEST	35		/ (GET)	1602843071162	1602843080863	OK	 
REQUEST	5		/40x.html (GET)	1602843072947	1602843081285	KO	status.find.in(200,201,202,203,204,205,206,207,208,209,304), found 404
REQUEST	3		/ (GET)	1602843071936	1602843081297	OK	 
REQUEST	28		/40x.html (GET)	1602843073284	1602843081486	KO	status.find.in(200,201,202,203,204,205,206,207,208,209,304), found 404
REQUEST	20		/ (GET)	1602843072727	1602843081710	OK	 
REQUEST	22		/ (GET)	1602843072739	1602843081796	OK	 
REQUEST	30		/40x.html (GET)	1602843073956	1602843081931	KO	status.find.in(200,201,202,203,204,205,206,207,208,209,304), found 404
REQUEST	4		/ (GET)	1602843072752	1602843081960	OK	 
REQUEST	38		/ (GET)	1602843072748	1602843081986	OK	 
REQUEST	32		/ (GET)	1602843073065	1602843081995	OK	 
REQUEST	21		/ (GET)	1602843073016	1602843082058	OK	 
REQUEST	19		/ (GET)	1602843073145	1602843082282	OK	 
REQUEST	15		/ (GET)	1602843074543	1602843083549	OK	 
REQUEST	8		/ (GET)	1602843074777	1602843084532	OK	 
REQUEST	18		/ (GET)	1602843075078	1602843084683	OK	 
REQUEST	31		/ (GET)	1602843075158	1602843084954	OK	 
